2026-03-07 01:28:52,940 - INFO - [LOGGING] Handler Loki activé -> http://localhost:3100/loki/api/v1/push
2026-03-07 01:28:52,960 - INFO - === Pipeline ETL RailCarbon — début (train + avion, PySpark) ===
2026-03-07 01:28:53,092 - INFO - [RUN] ETL run #17 démarré — suivi dans mart.etl_run_log.
2026-03-07 01:28:53,196 - INFO - [SOURCE] EASA CO2 Database              -> source_id=1
2026-03-07 01:28:53,270 - INFO - [SOURCE] OPDI Eurocontrol               -> source_id=2
2026-03-07 01:28:53,358 - INFO - [SOURCE] OurAirports                    -> source_id=3
2026-03-07 01:28:53,467 - INFO - [SOURCE] Back on Track                  -> source_id=4
2026-03-07 01:28:53,513 - INFO - [SOURCE] Sources statiques chargées : ['EASA CO2 Database', 'OPDI Eurocontrol', 'OurAirports', 'Back on Track']
2026-03-07 01:28:53,612 - INFO - [SPARK] JAVA_HOME force vers Java 17 : C:\Program Files\Eclipse Adoptium\jdk-17.0.18.8-hotspot
2026-03-07 01:28:53,657 - INFO - [SPARK] JAR PostgreSQL en cache : c:\Users\filal\Desktop\MSPR\MSPR\jars\postgresql-42.7.1.jar
2026-03-07 01:29:06,614 - INFO - --- ETL TRAIN -----------------------------------------------------------
2026-03-07 01:29:06,947 - INFO - [TRAIN][LOAD] Vidage des tables train...
2026-03-07 01:29:07,129 - INFO - [TRAIN][LOAD] Seed dim_vehicle_train...
2026-03-07 01:29:07,205 - INFO - --- TRAIN - EXTRACT ---------------------------------------------
2026-03-07 01:29:14,938 - INFO - [TRAIN][EXTRACT] 851 feeds européens trouvés.
2026-03-07 01:29:15,777 - INFO - [TRAIN][EXTRACT] 851/851 feeds telecharges.
2026-03-07 01:29:15,891 - INFO - [TRAIN][EXTRACT] 851 feeds GTFS à traiter.
2026-03-07 01:29:27,109 - INFO - [TRAIN][EXTRACT]   mdb-1077 : 547 stations
2026-03-07 01:29:32,401 - INFO - [TRAIN][EXTRACT]   mdb-1859 : 639 stations
2026-03-07 01:29:36,275 - INFO - [TRAIN][EXTRACT]   mdb-686 : 639 stations
2026-03-07 01:29:38,546 - INFO - [TRAIN][EXTRACT]   tdg-82199 : 23 stations
2026-03-07 01:29:53,994 - INFO - [TRAIN][EXTRACT]   mdb-2898 : 2326 stations
2026-03-07 01:30:05,634 - INFO - [TRAIN][EXTRACT]   mdb-1078 : 790 stations
2026-03-07 01:30:08,462 - INFO - [TRAIN][EXTRACT]   mdb-2088 : 460 stations
2026-03-07 01:30:10,243 - INFO - [TRAIN][EXTRACT]   mdb-2155 : 195 stations
2026-03-07 01:30:12,562 - INFO - [TRAIN][EXTRACT]   mdb-767 : 785 stations
2026-03-07 01:30:14,153 - INFO - [TRAIN][EXTRACT]   mdb-1082 : 177 stations
2026-03-07 01:30:15,461 - INFO - [TRAIN][EXTRACT]   mdb-1085 : 140 stations
2026-03-07 01:30:18,076 - INFO - [TRAIN][EXTRACT]   mdb-1089 : 7584 stations
2026-03-07 01:30:20,106 - INFO - [TRAIN][EXTRACT]   mdb-1173 : 37 stations
2026-03-07 01:30:22,802 - INFO - [TRAIN][EXTRACT]   mdb-2231 : 389 stations
2026-03-07 01:30:27,029 - INFO - [TRAIN][EXTRACT]   mdb-2393 : 2105 stations
2026-03-07 01:30:28,300 - INFO - [TRAIN][EXTRACT]   mdb-768 : 588 stations
2026-03-07 01:30:29,742 - INFO - [TRAIN][EXTRACT]   mdb-769 : 331 stations
2026-03-07 01:30:31,190 - INFO - [TRAIN][EXTRACT]   mdb-770 : 468 stations
2026-03-07 01:30:32,671 - INFO - [TRAIN][EXTRACT]   mdb-771 : 462 stations
2026-03-07 01:30:33,885 - INFO - [TRAIN][EXTRACT]   mdb-772 : 274 stations
2026-03-07 01:30:35,014 - INFO - [TRAIN][EXTRACT]   mdb-774 : 205 stations
2026-03-07 01:30:37,658 - INFO - [TRAIN][EXTRACT]   mdb-778 : 138 stations
2026-03-07 01:30:40,944 - INFO - [TRAIN][EXTRACT]   mdb-782 : 606 stations
2026-03-07 01:30:42,195 - INFO - [TRAIN][EXTRACT]   mdb-783 : 306 stations
2026-03-07 01:31:04,734 - INFO - [TRAIN][EXTRACT]   mdb-784 : 9873 stations
2026-03-07 01:31:06,255 - INFO - [TRAIN][EXTRACT]   mdb-900 : 225 stations
2026-03-07 01:31:07,528 - INFO - [TRAIN][EXTRACT]   mdb-906 : 185 stations
2026-03-07 01:31:09,714 - INFO - [TRAIN][EXTRACT]   mdb-1095 : 238 stations
2026-03-07 01:31:11,319 - INFO - [TRAIN][EXTRACT]   mdb-2337 : 147 stations
2026-03-07 01:31:12,181 - INFO - [TRAIN][EXTRACT]   mdb-1003 : 24 stations
2026-03-07 01:31:14,931 - INFO - [TRAIN][EXTRACT]   mdb-1856 : 91 stations
2026-03-07 01:31:16,032 - INFO - [TRAIN][EXTRACT]   mdb-2141 : 24 stations
2026-03-07 01:31:19,972 - ERROR - [TRAIN][EXTRACT] Erreur collecte mdb-2712 : [UNRESOLVED_COLUMN.WITH_SUGGESTION] A column, variable, or function parameter with name `route_type` cannot be resolved. Did you mean one of the following? [` route_type`, `route_id`, ` agency_id`, ` route_long_name`, ` route_short_name`]. SQLSTATE: 42703;
'Filter 'in(cast('route_type as int), 2, 100, 101, 102, 103, 105, 106)
+- Relation [route_id#7627, agency_id#7628, route_short_name#7629, route_long_name#7630, route_type#7631] csv

2026-03-07 01:31:21,374 - INFO - [TRAIN][EXTRACT]   mdb-2715 : 82 stations
2026-03-07 01:31:26,008 - ERROR - [TRAIN][EXTRACT] Erreur collecte mdb-2727 : [CAST_INVALID_INPUT] The value 'TransporteAereo' of the type "STRING" cannot be cast to "INT" because it is malformed. Correct the value as per the syntax, or change its target type. Use `try_cast` to tolerate malformed input and return NULL instead. SQLSTATE: 22018
== DataFrame ==
"cast" was called from
c:\Users\filal\Desktop\MSPR\MSPR\etl.py:555

2026-03-07 01:31:33,960 - INFO - [TRAIN][EXTRACT]   mdb-2766 : 24 stations
2026-03-07 01:31:39,352 - INFO - [TRAIN][EXTRACT]   mdb-2785 : 16 stations
2026-03-07 01:31:49,360 - INFO - [TRAIN][EXTRACT]   mdb-2826 : 370 stations
2026-03-07 01:31:52,503 - INFO - [TRAIN][EXTRACT]   mdb-2832 : 370 stations
2026-03-07 01:32:03,990 - INFO - [TRAIN][EXTRACT]   mdb-1259 : 2811 stations
2026-03-07 01:32:09,546 - INFO - [TRAIN][EXTRACT]   tdg-11681 : 17 stations
2026-03-07 01:32:21,913 - INFO - [TRAIN][EXTRACT]   tdg-67595 : 471 stations
2026-03-07 01:32:55,837 - INFO - [TRAIN][EXTRACT]   tdg-80921 : 471 stations
2026-03-07 01:33:12,718 - INFO - [TRAIN][EXTRACT]   tdg-81559 : 400 stations
2026-03-07 01:33:15,933 - INFO - [TRAIN][EXTRACT]   tdg-81653 : 18 stations
2026-03-07 01:33:22,094 - INFO - [TRAIN][EXTRACT]   tdg-81942 : 200 stations
2026-03-07 01:33:24,746 - INFO - [TRAIN][EXTRACT]   tdg-81969 : 304 stations
2026-03-07 01:33:31,516 - INFO - [TRAIN][EXTRACT]   tdg-82285 : 46 stations
2026-03-07 01:33:43,107 - INFO - [TRAIN][EXTRACT]   tdg-82386 : 16 stations
2026-03-07 01:34:06,348 - INFO - [TRAIN][EXTRACT]   tdg-83448 : 9 stations
2026-03-07 01:34:13,490 - INFO - [TRAIN][EXTRACT]   tdg-83582 : 2827 stations
2026-03-07 01:34:14,929 - INFO - [TRAIN][EXTRACT]   tdg-83620 : 369 stations
2026-03-07 01:34:18,657 - INFO - [TRAIN][EXTRACT]   tdg-83634 : 281 stations
2026-03-07 01:34:20,662 - INFO - [TRAIN][EXTRACT]   tdg-83647 : 240 stations
2026-03-07 01:34:22,779 - INFO - [TRAIN][EXTRACT]   tdg-83675 : 2819 stations
2026-03-07 01:34:31,162 - INFO - [TRAIN][EXTRACT]   mdb-1311 : 2555 stations
2026-03-07 01:34:46,222 - INFO - [TRAIN][EXTRACT]   mdb-2364 : 152 stations
2026-03-07 01:34:47,724 - INFO - [TRAIN][EXTRACT]   mdb-2637 : 152 stations
2026-03-07 01:34:52,792 - INFO - [TRAIN][EXTRACT]   tld-5901 : 152 stations
2026-03-07 01:34:57,870 - INFO - [TRAIN][EXTRACT]   mdb-1031 : 49 stations
2026-03-07 01:34:59,463 - INFO - [TRAIN][EXTRACT]   mdb-1052 : 37 stations
2026-03-07 01:35:04,658 - INFO - [TRAIN][EXTRACT]   mdb-895 : 32 stations
2026-03-07 01:35:06,306 - INFO - [TRAIN][EXTRACT]   tld-4833 : 126 stations
2026-03-07 01:35:23,532 - INFO - [TRAIN][EXTRACT]   tld-958 : 20 stations
2026-03-07 01:35:27,396 - ERROR - [TRAIN][EXTRACT] Erreur collecte mdb-992 : [UNRESOLVED_COLUMN.WITH_SUGGESTION] A column, variable, or function parameter with name `route_type` cannot be resolved. Did you mean one of the following? [` route_type`, `route_id`, ` route_url`, ` route_desc`, ` route_color`]. SQLSTATE: 42703;
'Filter 'in(cast('route_type as int), 2, 100, 101, 102, 103, 105, 106)
+- Relation [route_id#65108, agency_id#65109, route_short_name#65110, route_long_name#65111, route_desc#65112, route_type#65113, route_url#65114, route_color#65115, route_text_color#65116] csv

2026-03-07 01:35:28,225 - INFO - [TRAIN][EXTRACT]   mdb-2377 : 55 stations
2026-03-07 01:35:30,188 - INFO - [TRAIN][EXTRACT]   mdb-1011 : 341 stations
2026-03-07 01:35:32,015 - INFO - [TRAIN][EXTRACT]   mdb-1290 : 35 stations
2026-03-07 01:35:33,749 - INFO - [TRAIN][EXTRACT]   mdb-1908 : 141 stations
2026-03-07 01:35:36,342 - INFO - [TRAIN][EXTRACT]   mdb-2087 : 2028 stations
2026-03-07 01:35:37,497 - INFO - [TRAIN][EXTRACT]   mdb-2091 : 28 stations
2026-03-07 01:35:40,882 - INFO - [TRAIN][EXTRACT]   mdb-2092 : 62 stations
2026-03-07 01:35:44,113 - INFO - [TRAIN][EXTRACT]   tld-5701 : 141 stations
2026-03-07 01:35:48,264 - INFO - [TRAIN][EXTRACT]   mdb-2057 : 350 stations
2026-03-07 01:35:52,511 - INFO - [TRAIN][EXTRACT]   tld-715 : 14 stations
2026-03-07 01:35:58,294 - INFO - [TRAIN][EXTRACT]   mdb-2927 : 336 stations
2026-03-07 01:36:02,959 - INFO - [TRAIN][EXTRACT]   mdb-2661 : 642 stations
2026-03-07 01:36:04,788 - INFO - [TRAIN][EXTRACT]   mdb-1832 : 925 stations
2026-03-07 01:36:07,678 - INFO - [TRAIN][EXTRACT] Back on Track : 886 stations.
2026-03-07 01:36:07,726 - INFO - --- TRAIN - TRANSFORM -------------------------------------------
2026-03-07 01:36:07,965 - INFO - [TRAIN][TRANSFORM] Dédup par nom : 25092 doublons fusionnés.
2026-03-07 01:36:08,649 - INFO - [TRAIN][TRANSFORM] Dédup géo : 3138 doublons fusionnés.
2026-03-07 01:36:08,744 - INFO - [TRAIN][TRANSFORM] Registre : 24135 stations canoniques, 16269 remappings.
2026-03-07 01:36:08,857 - INFO - --- TRAIN - LOAD ------------------------------------------------
2026-03-07 01:36:31,098 - INFO - [TRAIN][LOAD] mart.dim_station — 24135 lignes insérées.
2026-03-07 01:36:31,148 - INFO - [TRAIN][LOAD] Traitement feed AT/mdb-1077...
2026-03-07 01:36:31,633 - INFO - [TRAIN][LOAD]   35774 stop_ids remappés.
2026-03-07 01:36:33,760 - INFO - [TRAIN][TRANSFORM] AT/mdb-1077 : tronçons calculés.
2026-03-07 01:37:36,598 - ERROR - [TRAIN][LOAD] Erreur mart.dim_route_train : insert or update on table "dim_route_train" violates foreign key constraint "dim_route_train_arr_station_id_fkey"
DETAIL:  Key (arr_station_id)=(stoparea:589648) is not present in table "dim_station".

2026-03-07 01:38:08,617 - INFO - [TRAIN][LOAD] Insertion de 1634 faits dans fact_emission...
2026-03-07 01:38:09,603 - INFO - [TRAIN][LOAD] fact_emission — 1634 faits traités.
2026-03-07 01:38:09,687 - INFO - [TRAIN][LOAD] Traitement feed BE/mdb-1859...
2026-03-07 01:38:09,862 - INFO - [TRAIN][LOAD]   2169 stop_ids remappés.
2026-03-07 01:38:11,262 - INFO - [TRAIN][TRANSFORM] BE/mdb-1859 : tronçons calculés.
2026-03-07 01:38:59,014 - INFO - [TRAIN][LOAD] mart.dim_route_train — 1515 lignes insérées.
2026-03-07 01:39:23,942 - INFO - [TRAIN][LOAD] Insertion de 1931 faits dans fact_emission...
2026-03-07 01:39:31,775 - INFO - [TRAIN][LOAD] fact_emission — 1931 faits traités.
2026-03-07 01:39:31,855 - INFO - [TRAIN][LOAD] Traitement feed BE/mdb-686...
2026-03-07 01:39:32,023 - INFO - [TRAIN][LOAD]   2168 stop_ids remappés.
2026-03-07 01:39:33,306 - INFO - [TRAIN][TRANSFORM] BE/mdb-686 : tronçons calculés.
2026-03-07 01:40:24,563 - INFO - [TRAIN][LOAD] mart.dim_route_train — 1517 lignes insérées.
2026-03-07 01:40:53,413 - INFO - [TRAIN][LOAD] Insertion de 1933 faits dans fact_emission...
2026-03-07 01:40:55,887 - INFO - [TRAIN][LOAD] fact_emission — 1933 faits traités.
2026-03-07 01:40:55,981 - INFO - [TRAIN][LOAD] Traitement feed BE/tdg-82199...
2026-03-07 01:40:56,163 - INFO - [TRAIN][LOAD]   170 stop_ids remappés.
2026-03-07 01:40:57,035 - INFO - [TRAIN][TRANSFORM] BE/tdg-82199 : tronçons calculés.
2026-03-07 01:41:36,222 - INFO - [TRAIN][LOAD] mart.dim_route_train — 58 lignes insérées.
2026-03-07 01:41:54,564 - INFO - [TRAIN][LOAD] Insertion de 70 faits dans fact_emission...
2026-03-07 01:41:55,486 - INFO - [TRAIN][LOAD] fact_emission — 70 faits traités.
2026-03-07 01:41:55,560 - INFO - [TRAIN][LOAD] Traitement feed CH/mdb-2898...
2026-03-07 01:41:56,145 - INFO - [TRAIN][LOAD]   60682 stop_ids remappés.
2026-03-07 01:41:57,954 - INFO - [TRAIN][TRANSFORM] CH/mdb-2898 : tronçons calculés.
2026-03-07 01:43:07,044 - INFO - [TRAIN][LOAD] mart.dim_route_train — 6572 lignes insérées.
2026-03-07 01:43:41,531 - INFO - [TRAIN][LOAD] Insertion de 6681 faits dans fact_emission...
2026-03-07 01:44:08,934 - INFO - [TRAIN][LOAD] fact_emission — 6681 faits traités.
2026-03-07 01:44:09,026 - INFO - [TRAIN][LOAD] Traitement feed CZ/mdb-1078...
2026-03-07 01:44:09,976 - INFO - [TRAIN][LOAD]   91392 stop_ids remappés.
2026-03-07 01:44:12,134 - INFO - [TRAIN][TRANSFORM] CZ/mdb-1078 : tronçons calculés.
2026-03-07 01:45:07,203 - INFO - [TRAIN][LOAD] mart.dim_route_train — 1749 lignes insérées.
2026-03-07 01:45:35,662 - INFO - [TRAIN][LOAD] Insertion de 1775 faits dans fact_emission...
2026-03-07 01:45:42,496 - INFO - [TRAIN][LOAD] fact_emission — 1775 faits traités.
2026-03-07 01:45:42,584 - INFO - [TRAIN][LOAD] Traitement feed CZ/mdb-2088...
2026-03-07 01:45:42,757 - INFO - [TRAIN][LOAD]   117 stop_ids remappés.
2026-03-07 01:45:43,439 - INFO - [TRAIN][TRANSFORM] CZ/mdb-2088 : tronçons calculés.
2026-03-07 01:46:29,652 - INFO - [TRAIN][LOAD] mart.dim_route_train — 1306 lignes insérées.
2026-03-07 01:46:52,422 - INFO - [TRAIN][LOAD] Insertion de 1306 faits dans fact_emission...
2026-03-07 01:46:57,842 - INFO - [TRAIN][LOAD] fact_emission — 1306 faits traités.
2026-03-07 01:46:57,931 - INFO - [TRAIN][LOAD] Traitement feed CZ/mdb-2155...
2026-03-07 01:46:58,254 - INFO - [TRAIN][LOAD]   7636 stop_ids remappés.
2026-03-07 01:46:59,121 - INFO - [TRAIN][TRANSFORM] CZ/mdb-2155 : tronçons calculés.
2026-03-07 01:47:39,829 - INFO - [TRAIN][LOAD] mart.dim_route_train — 571 lignes insérées.
2026-03-07 01:47:59,739 - INFO - [TRAIN][LOAD] Insertion de 598 faits dans fact_emission...
2026-03-07 01:48:02,152 - INFO - [TRAIN][LOAD] fact_emission — 598 faits traités.
2026-03-07 01:48:02,235 - INFO - [TRAIN][LOAD] Traitement feed CZ/mdb-767...
2026-03-07 01:48:02,519 - INFO - [TRAIN][LOAD]   1409 stop_ids remappés.
2026-03-07 01:48:03,782 - INFO - [TRAIN][TRANSFORM] CZ/mdb-767 : tronçons calculés.
2026-03-07 01:48:47,904 - INFO - [TRAIN][LOAD] mart.dim_route_train — 1588 lignes insérées.
2026-03-07 01:49:10,324 - INFO - [TRAIN][LOAD] Insertion de 2044 faits dans fact_emission...
2026-03-07 01:49:18,558 - INFO - [TRAIN][LOAD] fact_emission — 2044 faits traités.
2026-03-07 01:49:18,649 - INFO - [TRAIN][LOAD] Traitement feed DE/mdb-1082...
2026-03-07 01:49:18,876 - INFO - [TRAIN][LOAD]   644 stop_ids remappés.
2026-03-07 01:49:19,827 - INFO - [TRAIN][TRANSFORM] DE/mdb-1082 : tronçons calculés.
2026-03-07 01:49:57,560 - INFO - [TRAIN][LOAD] mart.dim_route_train — 319 lignes insérées.
2026-03-07 01:50:16,020 - INFO - [TRAIN][LOAD] Insertion de 319 faits dans fact_emission...
2026-03-07 01:50:17,325 - INFO - [TRAIN][LOAD] fact_emission — 319 faits traités.
2026-03-07 01:50:17,412 - INFO - [TRAIN][LOAD] Traitement feed DE/mdb-1085...
2026-03-07 01:50:17,585 - INFO - [TRAIN][LOAD]   460 stop_ids remappés.
2026-03-07 01:50:18,334 - INFO - [TRAIN][TRANSFORM] DE/mdb-1085 : tronçons calculés.
2026-03-07 01:50:55,358 - INFO - [TRAIN][LOAD] mart.dim_route_train — 262 lignes insérées.
2026-03-07 01:51:14,196 - INFO - [TRAIN][LOAD] Insertion de 262 faits dans fact_emission...
2026-03-07 01:51:15,372 - INFO - [TRAIN][LOAD] fact_emission — 262 faits traités.
2026-03-07 01:51:15,464 - INFO - [TRAIN][LOAD] Traitement feed DE/mdb-1089...
2026-03-07 01:51:15,735 - INFO - [TRAIN][LOAD]   9823 stop_ids remappés.
2026-03-07 01:51:17,037 - INFO - [TRAIN][TRANSFORM] DE/mdb-1089 : tronçons calculés.
2026-03-07 01:52:05,967 - INFO - [TRAIN][LOAD] mart.dim_route_train — 19426 lignes insérées.
2026-03-07 01:52:30,048 - INFO - [TRAIN][LOAD] Insertion de 19426 faits dans fact_emission...
2026-03-07 01:53:40,603 - INFO - [TRAIN][LOAD] fact_emission — 19426 faits traités.
2026-03-07 01:53:40,687 - INFO - [TRAIN][LOAD] Traitement feed DE/mdb-1173...
2026-03-07 01:53:40,983 - INFO - [TRAIN][LOAD]   1602 stop_ids remappés.
2026-03-07 01:53:42,031 - INFO - [TRAIN][TRANSFORM] DE/mdb-1173 : tronçons calculés.
2026-03-07 01:54:22,817 - INFO - [TRAIN][LOAD] mart.dim_route_train — 94 lignes insérées.
2026-03-07 01:54:43,551 - INFO - [TRAIN][LOAD] Insertion de 94 faits dans fact_emission...
2026-03-07 01:54:43,774 - INFO - [TRAIN][LOAD] fact_emission — 94 faits traités.
2026-03-07 01:54:43,858 - INFO - [TRAIN][LOAD] Traitement feed DE/mdb-2231...
2026-03-07 01:54:44,044 - INFO - [TRAIN][LOAD]   3987 stop_ids remappés.
2026-03-07 01:54:45,151 - INFO - [TRAIN][TRANSFORM] DE/mdb-2231 : tronçons calculés.
2026-03-07 01:55:30,621 - INFO - [TRAIN][LOAD] mart.dim_route_train — 829 lignes insérées.
2026-03-07 01:55:54,591 - INFO - [TRAIN][LOAD] Insertion de 829 faits dans fact_emission...
2026-03-07 01:55:55,448 - INFO - [TRAIN][LOAD] fact_emission — 829 faits traités.
2026-03-07 01:55:55,547 - INFO - [TRAIN][LOAD] Traitement feed DE/mdb-2393...
2026-03-07 01:55:56,115 - INFO - [TRAIN][LOAD]   9273 stop_ids remappés.
2026-03-07 01:55:57,410 - INFO - [TRAIN][TRANSFORM] DE/mdb-2393 : tronçons calculés.
2026-03-07 01:56:51,139 - INFO - [TRAIN][LOAD] mart.dim_route_train — 4312 lignes insérées.
2026-03-07 01:57:19,453 - INFO - [TRAIN][LOAD] Insertion de 4316 faits dans fact_emission...
2026-03-07 01:57:26,031 - INFO - [TRAIN][LOAD] fact_emission — 4316 faits traités.
2026-03-07 01:57:26,150 - INFO - [TRAIN][LOAD] Traitement feed DE/mdb-768...
2026-03-07 01:57:26,407 - INFO - [TRAIN][LOAD]   1000 stop_ids remappés.
2026-03-07 01:57:27,464 - INFO - [TRAIN][TRANSFORM] DE/mdb-768 : tronçons calculés.
2026-03-07 01:58:04,783 - INFO - [TRAIN][LOAD] mart.dim_route_train — 1790 lignes insérées.
2026-03-07 01:58:22,860 - INFO - [TRAIN][LOAD] Insertion de 2057 faits dans fact_emission...
2026-03-07 01:58:28,737 - INFO - [TRAIN][LOAD] fact_emission — 2057 faits traités.
2026-03-07 01:58:28,822 - INFO - [TRAIN][LOAD] Traitement feed DE/mdb-769...
2026-03-07 01:58:29,078 - INFO - [TRAIN][LOAD]   862 stop_ids remappés.
2026-03-07 01:58:30,100 - INFO - [TRAIN][TRANSFORM] DE/mdb-769 : tronçons calculés.
2026-03-07 01:59:07,713 - INFO - [TRAIN][LOAD] mart.dim_route_train — 629 lignes insérées.
2026-03-07 01:59:26,929 - INFO - [TRAIN][LOAD] Insertion de 629 faits dans fact_emission...
2026-03-07 01:59:27,563 - INFO - [TRAIN][LOAD] fact_emission — 629 faits traités.
2026-03-07 01:59:27,643 - INFO - [TRAIN][LOAD] Traitement feed DE/mdb-770...
2026-03-07 01:59:27,839 - INFO - [TRAIN][LOAD]   1306 stop_ids remappés.
2026-03-07 01:59:28,674 - INFO - [TRAIN][TRANSFORM] DE/mdb-770 : tronçons calculés.
2026-03-07 02:00:07,442 - INFO - [TRAIN][LOAD] mart.dim_route_train — 880 lignes insérées.
2026-03-07 02:00:27,278 - INFO - [TRAIN][LOAD] Insertion de 880 faits dans fact_emission...
2026-03-07 02:00:28,019 - INFO - [TRAIN][LOAD] fact_emission — 880 faits traités.
2026-03-07 02:00:28,105 - INFO - [TRAIN][LOAD] Traitement feed DE/mdb-771...
2026-03-07 02:00:28,289 - INFO - [TRAIN][LOAD]   1024 stop_ids remappés.
2026-03-07 02:00:29,069 - INFO - [TRAIN][TRANSFORM] DE/mdb-771 : tronçons calculés.
2026-03-07 02:01:08,257 - INFO - [TRAIN][LOAD] mart.dim_route_train — 865 lignes insérées.
2026-03-07 02:01:28,481 - INFO - [TRAIN][LOAD] Insertion de 865 faits dans fact_emission...
2026-03-07 02:01:29,192 - INFO - [TRAIN][LOAD] fact_emission — 865 faits traités.
2026-03-07 02:01:29,287 - INFO - [TRAIN][LOAD] Traitement feed DE/mdb-772...
2026-03-07 02:01:29,487 - INFO - [TRAIN][LOAD]   537 stop_ids remappés.
2026-03-07 02:01:30,195 - INFO - [TRAIN][TRANSFORM] DE/mdb-772 : tronçons calculés.
2026-03-07 02:02:07,087 - INFO - [TRAIN][LOAD] mart.dim_route_train — 468 lignes insérées.
2026-03-07 02:02:25,221 - INFO - [TRAIN][LOAD] Insertion de 468 faits dans fact_emission...
2026-03-07 02:02:25,627 - INFO - [TRAIN][LOAD] fact_emission — 468 faits traités.
2026-03-07 02:02:25,710 - INFO - [TRAIN][LOAD] Traitement feed DE/mdb-774...
2026-03-07 02:02:25,941 - INFO - [TRAIN][LOAD]   389 stop_ids remappés.
2026-03-07 02:02:26,706 - INFO - [TRAIN][TRANSFORM] DE/mdb-774 : tronçons calculés.
2026-03-07 02:03:02,841 - INFO - [TRAIN][LOAD] mart.dim_route_train — 339 lignes insérées.
2026-03-07 02:03:21,099 - INFO - [TRAIN][LOAD] Insertion de 339 faits dans fact_emission...
2026-03-07 02:03:21,499 - INFO - [TRAIN][LOAD] fact_emission — 339 faits traités.
2026-03-07 02:03:21,583 - INFO - [TRAIN][LOAD] Traitement feed DE/mdb-778...
2026-03-07 02:03:21,777 - INFO - [TRAIN][LOAD]   115 stop_ids remappés.
2026-03-07 02:03:22,436 - INFO - [TRAIN][TRANSFORM] DE/mdb-778 : tronçons calculés.
2026-03-07 02:04:05,992 - INFO - [TRAIN][LOAD] mart.dim_route_train — 265 lignes insérées.
2026-03-07 02:04:28,832 - INFO - [TRAIN][LOAD] Insertion de 265 faits dans fact_emission...
2026-03-07 02:04:29,260 - INFO - [TRAIN][LOAD] fact_emission — 265 faits traités.
2026-03-07 02:04:29,341 - INFO - [TRAIN][LOAD] Traitement feed DE/mdb-782...
2026-03-07 02:04:29,679 - INFO - [TRAIN][LOAD]   16119 stop_ids remappés.
2026-03-07 02:04:30,829 - INFO - [TRAIN][TRANSFORM] DE/mdb-782 : tronçons calculés.
2026-03-07 02:05:21,467 - INFO - [TRAIN][LOAD] mart.dim_route_train — 1490 lignes insérées.
2026-03-07 02:05:46,744 - INFO - [TRAIN][LOAD] Insertion de 1490 faits dans fact_emission...
2026-03-07 02:05:48,723 - INFO - [TRAIN][LOAD] fact_emission — 1490 faits traités.
2026-03-07 02:05:48,814 - INFO - [TRAIN][LOAD] Traitement feed DE/mdb-783...
2026-03-07 02:05:49,013 - INFO - [TRAIN][LOAD]   698 stop_ids remappés.
2026-03-07 02:05:49,839 - INFO - [TRAIN][TRANSFORM] DE/mdb-783 : tronçons calculés.
2026-03-07 02:06:28,470 - INFO - [TRAIN][LOAD] mart.dim_route_train — 495 lignes insérées.
2026-03-07 02:06:47,393 - INFO - [TRAIN][LOAD] Insertion de 495 faits dans fact_emission...
2026-03-07 02:06:47,899 - INFO - [TRAIN][LOAD] fact_emission — 495 faits traités.
2026-03-07 02:06:47,981 - INFO - [TRAIN][LOAD] Traitement feed DE/mdb-784...
2026-03-07 02:06:50,766 - INFO - [TRAIN][LOAD]   63480 stop_ids remappés.
2026-03-07 02:06:52,601 - INFO - [TRAIN][TRANSFORM] DE/mdb-784 : tronçons calculés.
2026-03-07 02:08:44,379 - ERROR - [TRAIN][LOAD] Erreur mart.dim_route_train : insert or update on table "dim_route_train" violates foreign key constraint "dim_route_train_dep_station_id_fkey"
DETAIL:  Key (dep_station_id)=(de:05362:87303_G) is not present in table "dim_station".

2026-03-07 02:09:39,446 - INFO - [TRAIN][LOAD] Insertion de 20925 faits dans fact_emission...
2026-03-07 02:09:56,244 - INFO - [TRAIN][LOAD] fact_emission — 20925 faits traités.
2026-03-07 02:09:56,349 - INFO - [TRAIN][LOAD] Traitement feed DE/mdb-900...
2026-03-07 02:09:56,586 - INFO - [TRAIN][LOAD]   594 stop_ids remappés.
2026-03-07 02:09:57,476 - INFO - [TRAIN][TRANSFORM] DE/mdb-900 : tronçons calculés.
2026-03-07 02:10:35,948 - INFO - [TRAIN][LOAD] mart.dim_route_train — 418 lignes insérées.
2026-03-07 02:10:55,179 - INFO - [TRAIN][LOAD] Insertion de 418 faits dans fact_emission...
2026-03-07 02:10:55,597 - INFO - [TRAIN][LOAD] fact_emission — 418 faits traités.
2026-03-07 02:10:55,698 - INFO - [TRAIN][LOAD] Traitement feed DE/mdb-906...
2026-03-07 02:10:55,922 - INFO - [TRAIN][LOAD]   475 stop_ids remappés.
2026-03-07 02:10:56,730 - INFO - [TRAIN][TRANSFORM] DE/mdb-906 : tronçons calculés.
2026-03-07 02:11:34,478 - INFO - [TRAIN][LOAD] mart.dim_route_train — 288 lignes insérées.
2026-03-07 02:11:53,961 - INFO - [TRAIN][LOAD] Insertion de 288 faits dans fact_emission...
2026-03-07 02:11:54,348 - INFO - [TRAIN][LOAD] fact_emission — 288 faits traités.
2026-03-07 02:11:54,465 - INFO - [TRAIN][LOAD] Traitement feed EE/mdb-1095...
2026-03-07 02:11:54,675 - INFO - [TRAIN][LOAD]   211 stop_ids remappés.
2026-03-07 02:11:55,582 - INFO - [TRAIN][TRANSFORM] EE/mdb-1095 : tronçons calculés.
2026-03-07 02:12:34,970 - INFO - [TRAIN][LOAD] mart.dim_route_train — 293 lignes insérées.
2026-03-07 02:12:55,911 - INFO - [TRAIN][LOAD] Insertion de 293 faits dans fact_emission...
2026-03-07 02:12:57,211 - INFO - [TRAIN][LOAD] fact_emission — 293 faits traités.
2026-03-07 02:12:57,300 - INFO - [TRAIN][LOAD] Traitement feed EE/mdb-2337...
2026-03-07 02:12:57,591 - INFO - [TRAIN][LOAD]   1189 stop_ids remappés.
2026-03-07 02:12:58,532 - INFO - [TRAIN][TRANSFORM] EE/mdb-2337 : tronçons calculés.
2026-03-07 02:13:37,538 - INFO - [TRAIN][LOAD] mart.dim_route_train — 377 lignes insérées.
2026-03-07 02:13:58,966 - INFO - [TRAIN][LOAD] Insertion de 377 faits dans fact_emission...
2026-03-07 02:14:00,629 - INFO - [TRAIN][LOAD] fact_emission — 377 faits traités.
2026-03-07 02:14:00,719 - INFO - [TRAIN][LOAD] Traitement feed ES/mdb-1003...
2026-03-07 02:14:00,897 - INFO - [TRAIN][LOAD]   57 stop_ids remappés.
2026-03-07 02:14:01,729 - INFO - [TRAIN][TRANSFORM] ES/mdb-1003 : tronçons calculés.
2026-03-07 02:14:40,205 - INFO - [TRAIN][LOAD] mart.dim_route_train — 46 lignes insérées.
2026-03-07 02:14:59,480 - INFO - [TRAIN][LOAD] Insertion de 46 faits dans fact_emission...
2026-03-07 02:14:59,756 - INFO - [TRAIN][LOAD] fact_emission — 46 faits traités.
2026-03-07 02:14:59,847 - INFO - [TRAIN][LOAD] Traitement feed ES/mdb-1856...
2026-03-07 02:15:00,001 - INFO - [TRAIN][LOAD]   268 stop_ids remappés.
2026-03-07 02:15:00,714 - INFO - [TRAIN][TRANSFORM] ES/mdb-1856 : tronçons calculés.
2026-03-07 02:15:39,142 - INFO - [TRAIN][LOAD] mart.dim_route_train — 204 lignes insérées.
2026-03-07 02:15:58,170 - INFO - [TRAIN][LOAD] Insertion de 204 faits dans fact_emission...
2026-03-07 02:15:59,034 - INFO - [TRAIN][LOAD] fact_emission — 204 faits traités.
2026-03-07 02:15:59,123 - INFO - [TRAIN][LOAD] Traitement feed ES/mdb-2141...
2026-03-07 02:15:59,325 - INFO - [TRAIN][LOAD]   24 stop_ids remappés.
2026-03-07 02:16:00,147 - INFO - [TRAIN][TRANSFORM] ES/mdb-2141 : tronçons calculés.
2026-03-07 02:16:38,289 - INFO - [TRAIN][LOAD] mart.dim_route_train — 46 lignes insérées.
2026-03-07 02:16:57,331 - INFO - [TRAIN][LOAD] Insertion de 46 faits dans fact_emission...
2026-03-07 02:16:57,611 - INFO - [TRAIN][LOAD] fact_emission — 46 faits traités.
2026-03-07 02:16:57,692 - INFO - [TRAIN][LOAD] Traitement feed ES/mdb-2715...
2026-03-07 02:16:57,986 - INFO - [TRAIN][LOAD]   670 stop_ids remappés.
2026-03-07 02:16:59,078 - INFO - [TRAIN][TRANSFORM] ES/mdb-2715 : tronçons calculés.
2026-03-07 02:17:38,115 - INFO - [TRAIN][LOAD] mart.dim_route_train — 174 lignes insérées.
2026-03-07 02:17:56,115 - INFO - [TRAIN][LOAD] Insertion de 174 faits dans fact_emission...
2026-03-07 02:17:56,838 - INFO - [TRAIN][LOAD] fact_emission — 174 faits traités.
2026-03-07 02:17:56,921 - INFO - [TRAIN][LOAD] Traitement feed ES/mdb-2766...
2026-03-07 02:17:57,096 - INFO - [TRAIN][LOAD]   24 stop_ids remappés.
2026-03-07 02:17:57,906 - INFO - [TRAIN][TRANSFORM] ES/mdb-2766 : tronçons calculés.
2026-03-07 02:18:33,037 - INFO - [TRAIN][LOAD] mart.dim_route_train — 46 lignes insérées.
2026-03-07 02:18:50,354 - INFO - [TRAIN][LOAD] Insertion de 46 faits dans fact_emission...
2026-03-07 02:18:50,456 - INFO - [TRAIN][LOAD] fact_emission — 46 faits traités.
2026-03-07 02:18:50,542 - INFO - [TRAIN][LOAD] Traitement feed ES/mdb-2785...
2026-03-07 02:18:50,744 - INFO - [TRAIN][LOAD]   4 stop_ids remappés.
2026-03-07 02:18:51,515 - INFO - [TRAIN][TRANSFORM] ES/mdb-2785 : tronçons calculés.
2026-03-07 02:19:25,371 - INFO - [TRAIN][LOAD] mart.dim_route_train — 38 lignes insérées.
2026-03-07 02:19:42,608 - INFO - [TRAIN][LOAD] Insertion de 38 faits dans fact_emission...
2026-03-07 02:19:42,828 - INFO - [TRAIN][LOAD] fact_emission — 38 faits traités.
2026-03-07 02:19:42,904 - INFO - [TRAIN][LOAD] Traitement feed ES/mdb-2826...
2026-03-07 02:19:43,197 - INFO - [TRAIN][LOAD]   1121 stop_ids remappés.
2026-03-07 02:19:44,173 - INFO - [TRAIN][TRANSFORM] ES/mdb-2826 : tronçons calculés.
2026-03-07 02:20:31,346 - INFO - [TRAIN][LOAD] mart.dim_route_train — 694 lignes insérées.
2026-03-07 02:20:55,942 - INFO - [TRAIN][LOAD] Insertion de 750 faits dans fact_emission...
2026-03-07 02:20:58,184 - INFO - [TRAIN][LOAD] fact_emission — 750 faits traités.
2026-03-07 02:20:58,281 - INFO - [TRAIN][LOAD] Traitement feed ES/mdb-2832...
2026-03-07 02:20:58,639 - INFO - [TRAIN][LOAD]   1117 stop_ids remappés.
2026-03-07 02:20:59,612 - INFO - [TRAIN][TRANSFORM] ES/mdb-2832 : tronçons calculés.
2026-03-07 02:21:45,502 - INFO - [TRAIN][LOAD] mart.dim_route_train — 694 lignes insérées.
2026-03-07 02:22:08,838 - INFO - [TRAIN][LOAD] Insertion de 750 faits dans fact_emission...
2026-03-07 02:22:09,467 - INFO - [TRAIN][LOAD] fact_emission — 750 faits traités.
2026-03-07 02:22:09,544 - INFO - [TRAIN][LOAD] Traitement feed FR/mdb-1259...
2026-03-07 02:22:09,768 - INFO - [TRAIN][LOAD]   7009 stop_ids remappés.
2026-03-07 02:22:10,898 - INFO - [TRAIN][TRANSFORM] FR/mdb-1259 : tronçons calculés.
2026-03-07 02:22:53,734 - INFO - [TRAIN][LOAD] mart.dim_route_train — 8692 lignes insérées.
2026-03-07 02:23:14,839 - INFO - [TRAIN][LOAD] Insertion de 9080 faits dans fact_emission...
2026-03-07 02:23:39,768 - INFO - [TRAIN][LOAD] fact_emission — 9080 faits traités.
2026-03-07 02:23:39,848 - INFO - [TRAIN][LOAD] Traitement feed FR/tdg-11681...
2026-03-07 02:23:40,063 - INFO - [TRAIN][LOAD]   1 stop_ids remappés.
2026-03-07 02:23:40,918 - INFO - [TRAIN][TRANSFORM] FR/tdg-11681 : tronçons calculés.
2026-03-07 02:24:15,080 - INFO - [TRAIN][LOAD] mart.dim_route_train — 36 lignes insérées.
2026-03-07 02:24:32,350 - INFO - [TRAIN][LOAD] Insertion de 36 faits dans fact_emission...
2026-03-07 02:24:32,485 - INFO - [TRAIN][LOAD] fact_emission — 36 faits traités.
2026-03-07 02:24:32,566 - INFO - [TRAIN][LOAD] Traitement feed FR/tdg-67595...
2026-03-07 02:24:32,779 - INFO - [TRAIN][LOAD]   6034 stop_ids remappés.
2026-03-07 02:24:33,563 - INFO - [TRAIN][TRANSFORM] FR/tdg-67595 : tronçons calculés.
2026-03-07 02:25:17,557 - INFO - [TRAIN][LOAD] mart.dim_route_train — 1250 lignes insérées.
2026-03-07 02:25:39,149 - INFO - [TRAIN][LOAD] Insertion de 1250 faits dans fact_emission...
2026-03-07 02:25:43,732 - INFO - [TRAIN][LOAD] fact_emission — 1250 faits traités.
2026-03-07 02:25:43,816 - INFO - [TRAIN][LOAD] Traitement feed FR/tdg-80921...
2026-03-07 02:25:44,322 - INFO - [TRAIN][LOAD]   38668 stop_ids remappés.
2026-03-07 02:25:45,785 - INFO - [TRAIN][TRANSFORM] FR/tdg-80921 : tronçons calculés.
2026-03-07 02:26:37,614 - INFO - [TRAIN][LOAD] mart.dim_route_train — 1250 lignes insérées.
2026-03-07 02:27:03,687 - INFO - [TRAIN][LOAD] Insertion de 1250 faits dans fact_emission...
2026-03-07 02:27:04,652 - INFO - [TRAIN][LOAD] fact_emission — 1250 faits traités.
2026-03-07 02:27:04,735 - INFO - [TRAIN][LOAD] Traitement feed FR/tdg-81559...
2026-03-07 02:27:04,960 - INFO - [TRAIN][LOAD]   11 stop_ids remappés.
2026-03-07 02:27:05,984 - INFO - [TRAIN][TRANSFORM] FR/tdg-81559 : tronçons calculés.
2026-03-07 02:27:46,774 - INFO - [TRAIN][LOAD] mart.dim_route_train — 1169 lignes insérées.
2026-03-07 02:28:08,465 - INFO - [TRAIN][LOAD] Insertion de 1201 faits dans fact_emission...
2026-03-07 02:28:09,811 - INFO - [TRAIN][LOAD] fact_emission — 1201 faits traités.
2026-03-07 02:28:09,897 - INFO - [TRAIN][LOAD] Traitement feed FR/tdg-81653...
2026-03-07 02:28:10,063 - INFO - [TRAIN][LOAD]   9 stop_ids remappés.
2026-03-07 02:28:10,867 - INFO - [TRAIN][TRANSFORM] FR/tdg-81653 : tronçons calculés.
2026-03-07 02:28:50,298 - INFO - [TRAIN][LOAD] mart.dim_route_train — 37 lignes insérées.
2026-03-07 02:29:09,735 - INFO - [TRAIN][LOAD] Insertion de 37 faits dans fact_emission...
2026-03-07 02:29:09,952 - INFO - [TRAIN][LOAD] fact_emission — 37 faits traités.
2026-03-07 02:29:10,044 - INFO - [TRAIN][LOAD] Traitement feed FR/tdg-81942...
2026-03-07 02:29:10,294 - INFO - [TRAIN][LOAD]   199 stop_ids remappés.
2026-03-07 02:29:11,183 - INFO - [TRAIN][TRANSFORM] FR/tdg-81942 : tronçons calculés.
2026-03-07 02:29:55,275 - INFO - [TRAIN][LOAD] mart.dim_route_train — 404 lignes insérées.
2026-03-07 02:30:15,948 - INFO - [TRAIN][LOAD] Insertion de 404 faits dans fact_emission...
2026-03-07 02:30:16,359 - INFO - [TRAIN][LOAD] fact_emission — 404 faits traités.
2026-03-07 02:30:16,440 - INFO - [TRAIN][LOAD] Traitement feed FR/tdg-81969...
2026-03-07 02:30:16,731 - INFO - [TRAIN][LOAD]   11750 stop_ids remappés.
2026-03-07 02:30:17,907 - INFO - [TRAIN][TRANSFORM] FR/tdg-81969 : tronçons calculés.
2026-03-07 02:31:03,809 - INFO - [TRAIN][LOAD] mart.dim_route_train — 801 lignes insérées.
2026-03-07 02:31:27,255 - INFO - [TRAIN][LOAD] Insertion de 874 faits dans fact_emission...
2026-03-07 02:31:28,385 - INFO - [TRAIN][LOAD] fact_emission — 874 faits traités.
2026-03-07 02:31:28,471 - INFO - [TRAIN][LOAD] Traitement feed FR/tdg-82285...
2026-03-07 02:31:28,717 - INFO - [TRAIN][LOAD]   0 stop_ids remappés.
2026-03-07 02:31:29,484 - INFO - [TRAIN][TRANSFORM] FR/tdg-82285 : tronçons calculés.
2026-03-07 02:31:30,826 - INFO - [TRAIN][LOAD] mart.dim_route_train — 90 lignes insérées.
2026-03-07 02:31:31,367 - INFO - [TRAIN][LOAD] Insertion de 90 faits dans fact_emission...
2026-03-07 02:31:31,680 - INFO - [TRAIN][LOAD] fact_emission — 90 faits traités.
2026-03-07 02:31:31,755 - INFO - [TRAIN][LOAD] Traitement feed FR/tdg-82386...
2026-03-07 02:31:31,897 - INFO - [TRAIN][LOAD]   1 stop_ids remappés.
2026-03-07 02:31:32,547 - INFO - [TRAIN][TRANSFORM] FR/tdg-82386 : tronçons calculés.
2026-03-07 02:32:05,865 - INFO - [TRAIN][LOAD] mart.dim_route_train — 29 lignes insérées.
2026-03-07 02:32:22,217 - INFO - [TRAIN][LOAD] Insertion de 29 faits dans fact_emission...
2026-03-07 02:32:22,368 - INFO - [TRAIN][LOAD] fact_emission — 29 faits traités.
2026-03-07 02:32:22,454 - INFO - [TRAIN][LOAD] Traitement feed FR/tdg-83448...
2026-03-07 02:32:22,637 - INFO - [TRAIN][LOAD]   5 stop_ids remappés.
2026-03-07 02:32:23,356 - INFO - [TRAIN][TRANSFORM] FR/tdg-83448 : tronçons calculés.
2026-03-07 02:32:55,224 - INFO - [TRAIN][LOAD] mart.dim_route_train — 18 lignes insérées.
2026-03-07 02:33:11,682 - INFO - [TRAIN][LOAD] Insertion de 18 faits dans fact_emission...
2026-03-07 02:33:11,789 - INFO - [TRAIN][LOAD] fact_emission — 18 faits traités.
2026-03-07 02:33:11,873 - INFO - [TRAIN][LOAD] Traitement feed FR/tdg-83582...
2026-03-07 02:33:12,041 - INFO - [TRAIN][LOAD]   7138 stop_ids remappés.
2026-03-07 02:33:13,156 - INFO - [TRAIN][TRANSFORM] FR/tdg-83582 : tronçons calculés.
2026-03-07 02:33:56,198 - INFO - [TRAIN][LOAD] mart.dim_route_train — 8897 lignes insérées.
2026-03-07 02:34:18,200 - INFO - [TRAIN][LOAD] Insertion de 9328 faits dans fact_emission...
2026-03-07 02:34:25,841 - INFO - [TRAIN][LOAD] fact_emission — 9328 faits traités.
2026-03-07 02:34:25,929 - INFO - [TRAIN][LOAD] Traitement feed FR/tdg-83620...
2026-03-07 02:34:26,146 - INFO - [TRAIN][LOAD]   637 stop_ids remappés.
2026-03-07 02:34:27,126 - INFO - [TRAIN][TRANSFORM] FR/tdg-83620 : tronçons calculés.
2026-03-07 02:35:01,765 - INFO - [TRAIN][LOAD] mart.dim_route_train — 1147 lignes insérées.
2026-03-07 02:35:19,469 - INFO - [TRAIN][LOAD] Insertion de 1147 faits dans fact_emission...
2026-03-07 02:35:20,296 - INFO - [TRAIN][LOAD] fact_emission — 1147 faits traités.
2026-03-07 02:35:20,370 - INFO - [TRAIN][LOAD] Traitement feed FR/tdg-83634...
2026-03-07 02:35:20,767 - INFO - [TRAIN][LOAD]   25398 stop_ids remappés.
2026-03-07 02:35:21,973 - INFO - [TRAIN][TRANSFORM] FR/tdg-83634 : tronçons calculés.
2026-03-07 02:36:03,660 - INFO - [TRAIN][LOAD] mart.dim_route_train — 737 lignes insérées.
2026-03-07 02:36:27,534 - INFO - [TRAIN][LOAD] Insertion de 776 faits dans fact_emission...
2026-03-07 02:36:28,352 - INFO - [TRAIN][LOAD] fact_emission — 776 faits traités.
2026-03-07 02:36:28,441 - INFO - [TRAIN][LOAD] Traitement feed FR/tdg-83647...
2026-03-07 02:36:28,608 - INFO - [TRAIN][LOAD]   488 stop_ids remappés.
2026-03-07 02:36:29,209 - INFO - [TRAIN][TRANSFORM] FR/tdg-83647 : tronçons calculés.
2026-03-07 02:37:05,727 - INFO - [TRAIN][LOAD] mart.dim_route_train — 560 lignes insérées.
2026-03-07 02:37:24,913 - INFO - [TRAIN][LOAD] Insertion de 579 faits dans fact_emission...
2026-03-07 02:37:25,732 - INFO - [TRAIN][LOAD] fact_emission — 579 faits traités.
2026-03-07 02:37:25,817 - INFO - [TRAIN][LOAD] Traitement feed FR/tdg-83675...
2026-03-07 02:37:26,020 - INFO - [TRAIN][LOAD]   7014 stop_ids remappés.
2026-03-07 02:37:27,466 - INFO - [TRAIN][TRANSFORM] FR/tdg-83675 : tronçons calculés.
2026-03-07 02:38:11,308 - INFO - [TRAIN][LOAD] mart.dim_route_train — 8715 lignes insérées.
2026-03-07 02:38:33,315 - INFO - [TRAIN][LOAD] Insertion de 9107 faits dans fact_emission...
2026-03-07 02:38:40,564 - INFO - [TRAIN][LOAD] fact_emission — 9107 faits traités.
2026-03-07 02:38:40,665 - INFO - [TRAIN][LOAD] Traitement feed GB/mdb-1311...
2026-03-07 02:38:40,887 - INFO - [TRAIN][LOAD]   9 stop_ids remappés.
2026-03-07 02:38:43,448 - INFO - [TRAIN][TRANSFORM] GB/mdb-1311 : tronçons calculés.
2026-03-07 02:40:01,045 - INFO - [TRAIN][LOAD] mart.dim_route_train — 7490 lignes insérées.
2026-03-07 02:40:36,622 - INFO - [TRAIN][LOAD] Insertion de 7490 faits dans fact_emission...
2026-03-07 02:41:10,729 - INFO - [TRAIN][LOAD] fact_emission — 7490 faits traités.
2026-03-07 02:41:10,860 - INFO - [TRAIN][LOAD] Traitement feed IE/mdb-2364...
2026-03-07 02:41:11,260 - INFO - [TRAIN][LOAD]   0 stop_ids remappés.
2026-03-07 02:41:12,367 - INFO - [TRAIN][TRANSFORM] IE/mdb-2364 : tronçons calculés.
2026-03-07 02:41:33,097 - INFO - [TRAIN][LOAD] mart.dim_route_train — 441 lignes insérées.
2026-03-07 02:41:45,957 - INFO - [TRAIN][LOAD] Insertion de 441 faits dans fact_emission...
2026-03-07 02:41:48,423 - INFO - [TRAIN][LOAD] fact_emission — 441 faits traités.
2026-03-07 02:41:48,516 - INFO - [TRAIN][LOAD] Traitement feed IE/mdb-2637...
2026-03-07 02:41:48,657 - INFO - [TRAIN][LOAD]   0 stop_ids remappés.
2026-03-07 02:41:49,319 - INFO - [TRAIN][TRANSFORM] IE/mdb-2637 : tronçons calculés.
2026-03-07 02:41:51,720 - INFO - [TRAIN][LOAD] mart.dim_route_train — 441 lignes insérées.
2026-03-07 02:41:54,289 - INFO - [TRAIN][LOAD] Insertion de 441 faits dans fact_emission...
2026-03-07 02:41:54,816 - INFO - [TRAIN][LOAD] fact_emission — 441 faits traités.
2026-03-07 02:41:54,913 - INFO - [TRAIN][LOAD] Traitement feed IE/tld-5901...
2026-03-07 02:41:55,179 - INFO - [TRAIN][LOAD]   0 stop_ids remappés.
2026-03-07 02:41:56,127 - INFO - [TRAIN][TRANSFORM] IE/tld-5901 : tronçons calculés.
2026-03-07 02:42:20,393 - INFO - [TRAIN][LOAD] mart.dim_route_train — 441 lignes insérées.
2026-03-07 02:42:33,758 - INFO - [TRAIN][LOAD] Insertion de 441 faits dans fact_emission...
2026-03-07 02:42:34,399 - INFO - [TRAIN][LOAD] fact_emission — 441 faits traités.
2026-03-07 02:42:34,556 - INFO - [TRAIN][LOAD] Traitement feed IT/mdb-1031...
2026-03-07 02:42:34,826 - INFO - [TRAIN][LOAD]   27 stop_ids remappés.
2026-03-07 02:42:36,303 - INFO - [TRAIN][TRANSFORM] IT/mdb-1031 : tronçons calculés.
2026-03-07 02:43:14,743 - INFO - [TRAIN][LOAD] mart.dim_route_train — 112 lignes insérées.
2026-03-07 02:43:33,794 - INFO - [TRAIN][LOAD] Insertion de 112 faits dans fact_emission...
2026-03-07 02:43:34,403 - INFO - [TRAIN][LOAD] fact_emission — 112 faits traités.
2026-03-07 02:43:34,483 - INFO - [TRAIN][LOAD] Traitement feed IT/mdb-1052...
2026-03-07 02:43:34,632 - INFO - [TRAIN][LOAD]   0 stop_ids remappés.
2026-03-07 02:43:35,153 - INFO - [TRAIN][TRANSFORM] IT/mdb-1052 : tronçons calculés.
2026-03-07 02:43:36,443 - INFO - [TRAIN][LOAD] mart.dim_route_train — 110 lignes insérées.
2026-03-07 02:43:37,111 - INFO - [TRAIN][LOAD] Insertion de 110 faits dans fact_emission...
2026-03-07 02:43:37,607 - INFO - [TRAIN][LOAD] fact_emission — 110 faits traités.
2026-03-07 02:43:37,686 - INFO - [TRAIN][LOAD] Traitement feed IT/mdb-895...
2026-03-07 02:43:37,829 - INFO - [TRAIN][LOAD]   2 stop_ids remappés.
2026-03-07 02:43:38,395 - INFO - [TRAIN][TRANSFORM] IT/mdb-895 : tronçons calculés.
2026-03-07 02:44:15,511 - INFO - [TRAIN][LOAD] mart.dim_route_train — 58 lignes insérées.
2026-03-07 02:44:33,315 - INFO - [TRAIN][LOAD] Insertion de 58 faits dans fact_emission...
2026-03-07 02:44:33,635 - INFO - [TRAIN][LOAD] fact_emission — 58 faits traités.
2026-03-07 02:44:33,719 - INFO - [TRAIN][LOAD] Traitement feed IT/tld-4833...
2026-03-07 02:44:33,884 - INFO - [TRAIN][LOAD]   1 stop_ids remappés.
2026-03-07 02:44:34,501 - INFO - [TRAIN][TRANSFORM] IT/tld-4833 : tronçons calculés.
2026-03-07 02:45:11,014 - INFO - [TRAIN][LOAD] mart.dim_route_train — 282 lignes insérées.
2026-03-07 02:45:29,654 - INFO - [TRAIN][LOAD] Insertion de 294 faits dans fact_emission...
2026-03-07 02:45:30,844 - INFO - [TRAIN][LOAD] fact_emission — 294 faits traités.
2026-03-07 02:45:30,923 - INFO - [TRAIN][LOAD] Traitement feed IT/tld-958...
2026-03-07 02:45:31,081 - INFO - [TRAIN][LOAD]   19 stop_ids remappés.
2026-03-07 02:45:31,671 - INFO - [TRAIN][TRANSFORM] IT/tld-958 : tronçons calculés.
2026-03-07 02:46:09,737 - INFO - [TRAIN][LOAD] mart.dim_route_train — 38 lignes insérées.
2026-03-07 02:46:29,062 - INFO - [TRAIN][LOAD] Insertion de 38 faits dans fact_emission...
2026-03-07 02:46:29,292 - INFO - [TRAIN][LOAD] fact_emission — 38 faits traités.
2026-03-07 02:46:29,376 - INFO - [TRAIN][LOAD] Traitement feed ME/mdb-2377...
2026-03-07 02:46:29,527 - INFO - [TRAIN][LOAD]   1 stop_ids remappés.
2026-03-07 02:46:30,152 - INFO - [TRAIN][TRANSFORM] ME/mdb-2377 : tronçons calculés.
2026-03-07 02:47:05,052 - INFO - [TRAIN][LOAD] mart.dim_route_train — 123 lignes insérées.
2026-03-07 02:47:22,535 - INFO - [TRAIN][LOAD] Insertion de 123 faits dans fact_emission...
2026-03-07 02:47:23,145 - INFO - [TRAIN][LOAD] fact_emission — 123 faits traités.
2026-03-07 02:47:23,243 - INFO - [TRAIN][LOAD] Traitement feed PL/mdb-1011...
2026-03-07 02:47:23,405 - INFO - [TRAIN][LOAD]   51 stop_ids remappés.
2026-03-07 02:47:23,972 - INFO - [TRAIN][TRANSFORM] PL/mdb-1011 : tronçons calculés.
2026-03-07 02:47:59,951 - INFO - [TRAIN][LOAD] mart.dim_route_train — 844 lignes insérées.
2026-03-07 02:48:17,746 - INFO - [TRAIN][LOAD] Insertion de 959 faits dans fact_emission...
2026-03-07 02:48:21,368 - INFO - [TRAIN][LOAD] fact_emission — 959 faits traités.
2026-03-07 02:48:21,445 - INFO - [TRAIN][LOAD] Traitement feed PL/mdb-1290...
2026-03-07 02:48:21,639 - INFO - [TRAIN][LOAD]   8 stop_ids remappés.
2026-03-07 02:48:22,927 - INFO - [TRAIN][TRANSFORM] PL/mdb-1290 : tronçons calculés.
2026-03-07 02:48:58,233 - INFO - [TRAIN][LOAD] mart.dim_route_train — 68 lignes insérées.
2026-03-07 02:49:16,633 - INFO - [TRAIN][LOAD] Insertion de 68 faits dans fact_emission...
2026-03-07 02:49:17,003 - INFO - [TRAIN][LOAD] fact_emission — 68 faits traités.
2026-03-07 02:49:17,105 - INFO - [TRAIN][LOAD] Traitement feed PL/mdb-1908...
2026-03-07 02:49:17,273 - INFO - [TRAIN][LOAD]   11 stop_ids remappés.
2026-03-07 02:49:18,081 - INFO - [TRAIN][TRANSFORM] PL/mdb-1908 : tronçons calculés.
2026-03-07 02:49:56,194 - INFO - [TRAIN][LOAD] mart.dim_route_train — 321 lignes insérées.
2026-03-07 02:50:13,719 - INFO - [TRAIN][LOAD] Insertion de 321 faits dans fact_emission...
2026-03-07 02:50:14,860 - INFO - [TRAIN][LOAD] fact_emission — 321 faits traités.
2026-03-07 02:50:14,961 - INFO - [TRAIN][LOAD] Traitement feed PL/mdb-2087...
2026-03-07 02:50:15,191 - INFO - [TRAIN][LOAD]   176 stop_ids remappés.
2026-03-07 02:50:16,190 - INFO - [TRAIN][TRANSFORM] PL/mdb-2087 : tronçons calculés.
2026-03-07 02:50:53,789 - INFO - [TRAIN][LOAD] mart.dim_route_train — 4622 lignes insérées.
2026-03-07 02:51:12,526 - INFO - [TRAIN][LOAD] Insertion de 4622 faits dans fact_emission...
2026-03-07 02:51:28,129 - INFO - [TRAIN][LOAD] fact_emission — 4622 faits traités.
2026-03-07 02:51:28,219 - INFO - [TRAIN][LOAD] Traitement feed PL/mdb-2091...
2026-03-07 02:51:28,498 - INFO - [TRAIN][LOAD]   1 stop_ids remappés.
2026-03-07 02:51:29,381 - INFO - [TRAIN][TRANSFORM] PL/mdb-2091 : tronçons calculés.
2026-03-07 02:52:04,113 - INFO - [TRAIN][LOAD] mart.dim_route_train — 55 lignes insérées.
2026-03-07 02:52:21,654 - INFO - [TRAIN][LOAD] Insertion de 55 faits dans fact_emission...
2026-03-07 02:52:21,954 - INFO - [TRAIN][LOAD] fact_emission — 55 faits traités.
2026-03-07 02:52:22,034 - INFO - [TRAIN][LOAD] Traitement feed PL/mdb-2092...
2026-03-07 02:52:22,216 - INFO - [TRAIN][LOAD]   337 stop_ids remappés.
2026-03-07 02:52:22,901 - INFO - [TRAIN][TRANSFORM] PL/mdb-2092 : tronçons calculés.
2026-03-07 02:53:14,469 - INFO - [TRAIN][LOAD] mart.dim_route_train — 126 lignes insérées.
2026-03-07 02:53:41,702 - INFO - [TRAIN][LOAD] Insertion de 126 faits dans fact_emission...
2026-03-07 02:53:41,933 - INFO - [TRAIN][LOAD] fact_emission — 126 faits traités.
2026-03-07 02:53:42,027 - INFO - [TRAIN][LOAD] Traitement feed PL/tld-5701...
2026-03-07 02:53:42,174 - INFO - [TRAIN][LOAD]   11 stop_ids remappés.
2026-03-07 02:53:42,887 - INFO - [TRAIN][TRANSFORM] PL/tld-5701 : tronçons calculés.
2026-03-07 02:54:19,648 - INFO - [TRAIN][LOAD] mart.dim_route_train — 321 lignes insérées.
2026-03-07 02:54:37,588 - INFO - [TRAIN][LOAD] Insertion de 321 faits dans fact_emission...
2026-03-07 02:54:37,923 - INFO - [TRAIN][LOAD] fact_emission — 321 faits traités.
2026-03-07 02:54:38,024 - INFO - [TRAIN][LOAD] Traitement feed PT/mdb-2057...
2026-03-07 02:54:38,257 - INFO - [TRAIN][LOAD]   0 stop_ids remappés.
2026-03-07 02:54:39,178 - INFO - [TRAIN][TRANSFORM] PT/mdb-2057 : tronçons calculés.
2026-03-07 02:54:41,393 - INFO - [TRAIN][LOAD] mart.dim_route_train — 884 lignes insérées.
2026-03-07 02:54:42,649 - INFO - [TRAIN][LOAD] Insertion de 884 faits dans fact_emission...
2026-03-07 02:54:46,122 - INFO - [TRAIN][LOAD] fact_emission — 884 faits traités.
2026-03-07 02:54:46,212 - INFO - [TRAIN][LOAD] Traitement feed PT/tld-715...
2026-03-07 02:54:46,391 - INFO - [TRAIN][LOAD]   4 stop_ids remappés.
2026-03-07 02:54:47,179 - INFO - [TRAIN][TRANSFORM] PT/tld-715 : tronçons calculés.
2026-03-07 02:55:22,099 - INFO - [TRAIN][LOAD] mart.dim_route_train — 26 lignes insérées.
2026-03-07 02:55:39,307 - INFO - [TRAIN][LOAD] Insertion de 26 faits dans fact_emission...
2026-03-07 02:55:39,512 - INFO - [TRAIN][LOAD] fact_emission — 26 faits traités.
2026-03-07 02:55:39,596 - INFO - [TRAIN][LOAD] Traitement feed RS/mdb-2927...
2026-03-07 02:55:39,804 - INFO - [TRAIN][LOAD]   17 stop_ids remappés.
2026-03-07 02:55:41,064 - INFO - [TRAIN][TRANSFORM] RS/mdb-2927 : tronçons calculés.
2026-03-07 02:56:15,470 - INFO - [TRAIN][LOAD] mart.dim_route_train — 772 lignes insérées.
2026-03-07 02:56:32,926 - INFO - [TRAIN][LOAD] Insertion de 772 faits dans fact_emission...
2026-03-07 02:56:35,985 - INFO - [TRAIN][LOAD] fact_emission — 772 faits traités.
2026-03-07 02:56:36,096 - INFO - [TRAIN][LOAD] Traitement feed SE/mdb-2661...
2026-03-07 02:56:36,515 - INFO - [TRAIN][LOAD]   41 stop_ids remappés.
2026-03-07 02:56:39,931 - INFO - [TRAIN][TRANSFORM] SE/mdb-2661 : tronçons calculés.
2026-03-07 02:58:21,587 - INFO - [TRAIN][LOAD] mart.dim_route_train — 1982 lignes insérées.
2026-03-07 02:59:05,737 - INFO - [TRAIN][LOAD] Insertion de 2131 faits dans fact_emission...
2026-03-07 02:59:12,947 - INFO - [TRAIN][LOAD] fact_emission — 2131 faits traités.
2026-03-07 02:59:13,055 - INFO - [TRAIN][LOAD] Traitement feed SK/mdb-1832...
2026-03-07 02:59:13,265 - INFO - [TRAIN][LOAD]   113 stop_ids remappés.
2026-03-07 02:59:14,506 - INFO - [TRAIN][TRANSFORM] SK/mdb-1832 : tronçons calculés.
2026-03-07 02:59:51,806 - INFO - [TRAIN][LOAD] mart.dim_route_train — 2219 lignes insérées.
2026-03-07 03:00:09,692 - INFO - [TRAIN][LOAD] Insertion de 2572 faits dans fact_emission...
2026-03-07 03:00:19,254 - INFO - [TRAIN][LOAD] fact_emission — 2572 faits traités.
2026-03-07 03:00:19,362 - INFO - [TRAIN][LOAD] Back on Track (trains de nuit)...
2026-03-07 03:00:56,273 - INFO - [TRAIN][LOAD] mart.dim_route_train — 1698 lignes insérées.
2026-03-07 03:01:13,543 - INFO - [TRAIN][LOAD] Insertion de 1698 faits dans fact_emission...
2026-03-07 03:01:20,268 - INFO - [TRAIN][LOAD] fact_emission — 1698 faits traités.
2026-03-07 03:01:20,316 - INFO - [TRAIN][LOAD] Back on Track : 1698 routes de nuit insérées.
2026-03-07 03:01:20,403 - INFO - [SPARK] Redémarrage Spark pour la section AVION (libération mémoire JVM)...
2026-03-07 03:01:24,790 - INFO - [SPARK] Session AVION démarrée.
2026-03-07 03:01:24,835 - INFO - --- ETL AVION -----------------------------------------------------------
2026-03-07 03:01:24,879 - INFO - [AVION][LOAD] Vidage des tables avion...
2026-03-07 03:01:25,023 - INFO - --- AVION - EXTRACT -----------------------------------------------------
2026-03-07 03:01:25,069 - INFO - [AVION][EXTRACT] Aéroports : ./airports.csv
2026-03-07 03:01:26,002 - INFO - [AVION][EXTRACT] 71174 aéroports chargés.
2026-03-07 03:01:26,049 - INFO - [AVION][EXTRACT] 12 mois a traiter (202501 -> 202512).
2026-03-07 03:01:26,101 - INFO - [AVION][EXTRACT] Cache hit : 202501
2026-03-07 03:01:26,101 - INFO - [AVION][EXTRACT] Cache hit : 202502
2026-03-07 03:01:26,101 - INFO - [AVION][EXTRACT] Cache hit : 202503
2026-03-07 03:01:26,102 - INFO - [AVION][EXTRACT] Cache hit : 202504
2026-03-07 03:01:26,148 - INFO - [AVION][EXTRACT] Cache hit : 202505
2026-03-07 03:01:26,193 - INFO - [AVION][EXTRACT] Cache hit : 202506
2026-03-07 03:01:26,240 - INFO - [AVION][EXTRACT] Cache hit : 202507
2026-03-07 03:01:26,287 - INFO - [AVION][EXTRACT] Cache hit : 202508
2026-03-07 03:01:26,341 - INFO - [AVION][EXTRACT] Cache hit : 202509
2026-03-07 03:01:26,387 - INFO - [AVION][EXTRACT] Cache hit : 202510
2026-03-07 03:01:26,432 - INFO - [AVION][EXTRACT] Cache hit : 202511
2026-03-07 03:01:26,482 - INFO - [AVION][EXTRACT] Cache hit : 202512
2026-03-07 03:01:26,669 - INFO - [AVION][EXTRACT] 12/12 mois disponibles en cache.
2026-03-07 03:01:26,716 - INFO - --- AVION - TRANSFORM -------------------------------------------
2026-03-07 03:01:26,765 - INFO - [AVION][TRANSFORM] Lecture de 12 fichiers parquet via PySpark...
2026-03-07 03:01:26,873 - INFO - [AVION][TRANSFORM] Parquet charge et filtre (adep+ades non nuls).
2026-03-07 03:01:26,991 - INFO - [AVION][TRANSFORM] Agregation routes et typecodes terminee.
2026-03-07 03:01:46,218 - INFO - [AVION][TRANSFORM] 86441 routes finales | 82506 avec typecode dominant.
2026-03-07 03:01:46,314 - INFO - [AVION][EXTRACT] EASA : ./EASA_CO2_Database__web__-Issue11.xlsx (feuille : EASA CO2DB (web))
2026-03-07 03:01:46,465 - INFO - [AVION][EXTRACT] 24 types d'avions extraits.
2026-03-07 03:01:46,513 - INFO - [AVION][TRANSFORM]  A319-151N                            CO2=0.7500 kg/km  service=court_moyen_courrier    ICAO=A19N
2026-03-07 03:01:46,561 - INFO - [AVION][TRANSFORM]  A319-153N                            CO2=0.7555 kg/km  service=court_moyen_courrier    ICAO=A19N
2026-03-07 03:01:46,609 - INFO - [AVION][TRANSFORM]  A319-171N                            CO2=0.7480 kg/km  service=court_moyen_courrier    ICAO=A19N
2026-03-07 03:01:46,658 - INFO - [AVION][TRANSFORM]  A320-251N                            CO2=0.7280 kg/km  service=court_moyen_courrier    ICAO=A20N
2026-03-07 03:01:46,707 - INFO - [AVION][TRANSFORM]  A320-252N                            CO2=0.7280 kg/km  service=court_moyen_courrier    ICAO=A20N
2026-03-07 03:01:46,753 - INFO - [AVION][TRANSFORM]  A320-253N                            CO2=0.7280 kg/km  service=court_moyen_courrier    ICAO=A20N
2026-03-07 03:01:46,797 - INFO - [AVION][TRANSFORM]  A320-271N                            CO2=0.7270 kg/km  service=court_moyen_courrier    ICAO=A20N
2026-03-07 03:01:46,841 - INFO - [AVION][TRANSFORM]  A320-272N                            CO2=0.7270 kg/km  service=court_moyen_courrier    ICAO=A20N
2026-03-07 03:01:46,886 - INFO - [AVION][TRANSFORM]  A320-273N                            CO2=0.7270 kg/km  service=court_moyen_courrier    ICAO=A20N
2026-03-07 03:01:46,935 - INFO - [AVION][TRANSFORM]  A321-251NX                           CO2=0.8433 kg/km  service=court_moyen_courrier    ICAO=A21N
2026-03-07 03:01:46,981 - INFO - [AVION][TRANSFORM]  A321-252NX                           CO2=0.8433 kg/km  service=court_moyen_courrier    ICAO=A21N
2026-03-07 03:01:47,026 - INFO - [AVION][TRANSFORM]  A321-253NX                           CO2=0.8433 kg/km  service=court_moyen_courrier    ICAO=A21N
2026-03-07 03:01:47,071 - INFO - [AVION][TRANSFORM]  A321-253NY                           CO2=0.8870 kg/km  service=court_moyen_courrier    ICAO=A21N
2026-03-07 03:01:47,119 - INFO - [AVION][TRANSFORM]  A321-271NX                           CO2=0.8427 kg/km  service=court_moyen_courrier    ICAO=A21N
2026-03-07 03:01:47,167 - INFO - [AVION][TRANSFORM]  A321-271NY                           CO2=0.8860 kg/km  service=court_moyen_courrier    ICAO=A21N
2026-03-07 03:01:47,214 - INFO - [AVION][TRANSFORM]  A321-272NX                           CO2=0.8427 kg/km  service=court_moyen_courrier    ICAO=A21N
2026-03-07 03:01:47,258 - INFO - [AVION][TRANSFORM]  A330-841                             CO2=1.5166 kg/km  service=long_courrier           ICAO=A338
2026-03-07 03:01:47,307 - INFO - [AVION][TRANSFORM]  A330-941                             CO2=1.4767 kg/km  service=long_courrier           ICAO=A339
2026-03-07 03:01:47,356 - INFO - [AVION][TRANSFORM]  A350-1041                            CO2=1.7683 kg/km  service=long_courrier           ICAO=A35K
2026-03-07 03:01:47,403 - INFO - [AVION][TRANSFORM]  A350-941                             CO2=1.6177 kg/km  service=long_courrier           ICAO=A359
2026-03-07 03:01:47,451 - INFO - [AVION][TRANSFORM]  ATR 72-212A                          CO2=0.4040 kg/km  service=regional                ICAO=AT72
2026-03-07 03:01:47,500 - INFO - [AVION][TRANSFORM]  BD-500-1A10                          CO2=0.6770 kg/km  service=court_moyen_courrier    ICAO=BCS1
2026-03-07 03:01:47,546 - INFO - [AVION][TRANSFORM]  BD-500-1A11                          CO2=0.7310 kg/km  service=court_moyen_courrier    ICAO=BCS3
2026-03-07 03:01:47,592 - INFO - [AVION][TRANSFORM]  Falcon 7X                            CO2=0.5580 kg/km  service=regional                ICAO=F7X
2026-03-07 03:01:47,639 - INFO - [AVION][TRANSFORM] 24 types d'avions prêts à l'insertion.
2026-03-07 03:01:47,684 - INFO - --- AVION - LOAD ------------------------------------------------
2026-03-07 03:01:47,732 - INFO - [AVION][LOAD] dim_vehicle_avion : 24 type(s)
2026-03-07 03:01:48,056 - INFO - [AVION][LOAD] dim_vehicle_avion — 24 types insérés/mis à jour.
2026-03-07 03:01:48,109 - INFO - [AVION][LOAD] dim_station (aéroports)...
2026-03-07 03:02:03,558 - INFO - [AVION][LOAD] dim_station — 1008 aéroports insérés.
2026-03-07 03:02:03,607 - INFO - [AVION][LOAD] dim_route_avion...
2026-03-07 03:02:18,243 - ERROR - [SQL] Erreur psycopg2 (fichier) : value too long for type character varying(20)

2026-03-07 03:02:18,303 - INFO - [AVION][LOAD] Calcul co2_total_kg...
2026-03-07 03:02:18,410 - INFO - [AVION][LOAD] co2_total_kg (exact EASA) : mise à jour OK.
2026-03-07 03:02:18,531 - INFO - [AVION][LOAD] co2_total_kg (fallback catégorie ICAO) : mise à jour OK.
2026-03-07 03:02:18,578 - INFO - [AVION][LOAD] Insertion des faits avion dans fact_emission...
2026-03-07 03:02:18,759 - INFO - [AVION][LOAD] fact_emission — 1163 faits avion insérés.
2026-03-07 03:02:19,956 - INFO - [SPARK] Session arrêtée.
2026-03-07 03:02:20,031 - INFO - [RUN] ETL run #17 terminé — statut : erreur | routes=107963 | mois=12 | erreurs=3
2026-03-07 03:02:20,077 - INFO - === Pipeline ETL RailCarbon — terminé ===
2026-03-07 03:02:20,126 - INFO - Résumé : mois=12 | stations+aéroports=25143 | routes=107963 | co2_exact=0 | co2_fallback=0 | erreurs=3
2026-03-07 03:02:20,275 - INFO - Closing down clientserver connection
