2026-03-06 20:40:21,775 - INFO - [LOGGING] Handler Loki activé -> http://localhost:3100/loki/api/v1/push
2026-03-06 20:40:21,791 - INFO - === Pipeline ETL RailCarbon — début (train + avion, PySpark) ===
2026-03-06 20:40:21,950 - INFO - [RUN] ETL run #16 démarré — suivi dans mart.etl_run_log.
2026-03-06 20:40:22,038 - INFO - [SOURCE] EASA CO2 Database              -> source_id=1
2026-03-06 20:40:22,117 - INFO - [SOURCE] OPDI Eurocontrol               -> source_id=2
2026-03-06 20:40:22,198 - INFO - [SOURCE] OurAirports                    -> source_id=3
2026-03-06 20:40:22,301 - INFO - [SOURCE] Back on Track                  -> source_id=4
2026-03-06 20:40:22,347 - INFO - [SOURCE] Sources statiques chargées : ['EASA CO2 Database', 'OPDI Eurocontrol', 'OurAirports', 'Back on Track']
2026-03-06 20:40:22,438 - INFO - [SPARK] JAVA_HOME force vers Java 17 : C:\Program Files\Eclipse Adoptium\jdk-17.0.18.8-hotspot
2026-03-06 20:40:22,482 - INFO - [SPARK] JAR PostgreSQL en cache : C:\Users\filal\Desktop\MSPR\MSPR\jars\postgresql-42.7.1.jar
2026-03-06 20:40:32,586 - INFO - --- ETL TRAIN -----------------------------------------------------------
2026-03-06 20:40:33,055 - INFO - [TRAIN][LOAD] Vidage des tables train...
2026-03-06 20:40:33,216 - INFO - [TRAIN][LOAD] Seed dim_vehicle_train...
2026-03-06 20:40:33,285 - INFO - --- TRAIN - EXTRACT ---------------------------------------------
2026-03-06 20:40:41,511 - INFO - [TRAIN][EXTRACT] 851 feeds européens trouvés.
2026-03-06 20:40:43,843 - INFO - [TRAIN][EXTRACT] Telecharge : DE/mdb-771
2026-03-06 20:40:43,930 - INFO - [TRAIN][EXTRACT] Telecharge : DE/mdb-768
2026-03-06 20:40:45,168 - INFO - [TRAIN][EXTRACT] Telecharge : DE/mdb-774
2026-03-06 20:40:46,766 - INFO - [TRAIN][EXTRACT] Telecharge : DE/mdb-776
2026-03-06 20:40:48,751 - INFO - [TRAIN][EXTRACT] Telecharge : DE/mdb-777
2026-03-06 20:40:49,038 - INFO - [TRAIN][EXTRACT] Telecharge : BE/mdb-686
2026-03-06 20:40:55,246 - INFO - [TRAIN][EXTRACT] Telecharge : DE/mdb-779
2026-03-06 20:40:59,685 - INFO - [TRAIN][EXTRACT] Telecharge : DE/mdb-772
2026-03-06 20:41:03,122 - INFO - [TRAIN][EXTRACT] Telecharge : CZ/mdb-767
2026-03-06 20:41:07,827 - INFO - [TRAIN][EXTRACT] Telecharge : DE/mdb-769
2026-03-06 20:41:07,889 - INFO - [TRAIN][EXTRACT] Telecharge : DE/mdb-778
2026-03-06 20:41:11,747 - INFO - [TRAIN][EXTRACT] Telecharge : AT/mdb-648
2026-03-06 20:41:13,065 - INFO - [TRAIN][EXTRACT] Telecharge : ES/mdb-792
2026-03-06 20:41:13,277 - INFO - [TRAIN][EXTRACT] Telecharge : DE/mdb-770
2026-03-06 20:41:14,682 - INFO - [TRAIN][EXTRACT] Telecharge : ES/mdb-794
2026-03-06 20:41:14,748 - INFO - [TRAIN][EXTRACT] Telecharge : ES/mdb-787
2026-03-06 20:41:15,594 - INFO - [TRAIN][EXTRACT] Telecharge : ES/mdb-797
2026-03-06 20:41:16,712 - INFO - [TRAIN][EXTRACT] Telecharge : IT/mdb-854
2026-03-06 20:41:17,599 - INFO - [TRAIN][EXTRACT] Telecharge : DE/mdb-857
2026-03-06 20:41:18,282 - INFO - [TRAIN][EXTRACT] Telecharge : ES/mdb-795
2026-03-06 20:41:18,944 - INFO - [TRAIN][EXTRACT] Telecharge : ES/mdb-793
2026-03-06 20:41:20,205 - INFO - [TRAIN][EXTRACT] Telecharge : HU/mdb-861
2026-03-06 20:41:24,019 - INFO - [TRAIN][EXTRACT] Telecharge : FI/mdb-867
2026-03-06 20:41:25,086 - INFO - [TRAIN][EXTRACT] Telecharge : DE/mdb-783
2026-03-06 20:41:25,271 - INFO - [TRAIN][EXTRACT] Telecharge : FI/mdb-864
2026-03-06 20:41:26,397 - INFO - [TRAIN][EXTRACT] Telecharge : FI/mdb-866
2026-03-06 20:41:27,591 - INFO - [TRAIN][EXTRACT] Telecharge : LV/mdb-884
2026-03-06 20:41:27,697 - INFO - [TRAIN][EXTRACT] Telecharge : FI/mdb-868
2026-03-06 20:41:28,043 - INFO - [TRAIN][EXTRACT] Telecharge : HU/mdb-887
2026-03-06 20:41:28,311 - INFO - [TRAIN][EXTRACT] Telecharge : IT/mdb-891
2026-03-06 20:41:28,968 - INFO - [TRAIN][EXTRACT] Telecharge : ES/mdb-791
2026-03-06 20:41:29,060 - INFO - [TRAIN][EXTRACT] Telecharge : DE/mdb-782
2026-03-06 20:41:29,826 - INFO - [TRAIN][EXTRACT] Telecharge : FI/mdb-869
2026-03-06 20:41:30,622 - INFO - [TRAIN][EXTRACT] Telecharge : IT/mdb-912
2026-03-06 20:41:30,672 - INFO - [TRAIN][EXTRACT] Telecharge : ES/mdb-892
2026-03-06 20:41:31,044 - INFO - [TRAIN][EXTRACT] Telecharge : FI/mdb-929
2026-03-06 20:41:32,297 - INFO - [TRAIN][EXTRACT] Telecharge : IT/mdb-978
2026-03-06 20:41:32,831 - INFO - [TRAIN][EXTRACT] Telecharge : PL/mdb-981
2026-03-06 20:41:33,100 - INFO - [TRAIN][EXTRACT] Telecharge : IT/mdb-895
2026-03-06 20:41:33,630 - INFO - [TRAIN][EXTRACT] Telecharge : IT/mdb-991
2026-03-06 20:41:34,266 - INFO - [TRAIN][EXTRACT] Telecharge : ES/mdb-1003
2026-03-06 20:41:34,630 - INFO - [TRAIN][EXTRACT] Telecharge : ES/mdb-1004
2026-03-06 20:41:35,421 - INFO - [TRAIN][EXTRACT] Telecharge : PL/mdb-1010
2026-03-06 20:41:36,409 - INFO - [TRAIN][EXTRACT] Telecharge : PL/mdb-1009
2026-03-06 20:41:36,900 - INFO - [TRAIN][EXTRACT] Telecharge : PL/mdb-1011
2026-03-06 20:41:37,432 - INFO - [TRAIN][EXTRACT] Telecharge : PL/mdb-1012
2026-03-06 20:41:37,886 - INFO - [TRAIN][EXTRACT] Telecharge : DE/mdb-906
2026-03-06 20:41:37,960 - INFO - [TRAIN][EXTRACT] Telecharge : DE/mdb-900
2026-03-06 20:41:38,890 - INFO - [TRAIN][EXTRACT] Telecharge : ES/mdb-1017
2026-03-06 20:41:39,400 - INFO - [TRAIN][EXTRACT] Telecharge : PT/mdb-1038
2026-03-06 20:41:39,482 - INFO - [TRAIN][EXTRACT] Telecharge : IT/mdb-1031
2026-03-06 20:41:40,206 - INFO - [TRAIN][EXTRACT] Telecharge : PL/mdb-1013
2026-03-06 20:41:40,467 - INFO - [TRAIN][EXTRACT] Telecharge : LT/mdb-1040
2026-03-06 20:41:41,049 - INFO - [TRAIN][EXTRACT] Telecharge : LT/mdb-1041
2026-03-06 20:41:41,801 - INFO - [TRAIN][EXTRACT] Telecharge : LT/mdb-1043
2026-03-06 20:41:42,075 - INFO - [TRAIN][EXTRACT] Telecharge : LT/mdb-1042
2026-03-06 20:41:42,612 - INFO - [TRAIN][EXTRACT] Telecharge : IT/mdb-1047
2026-03-06 20:41:43,461 - INFO - [TRAIN][EXTRACT] Telecharge : LT/mdb-1044
2026-03-06 20:41:43,566 - INFO - [TRAIN][EXTRACT] Telecharge : IT/mdb-1052
2026-03-06 20:41:44,116 - INFO - [TRAIN][EXTRACT] Telecharge : LV/mdb-992
2026-03-06 20:41:45,087 - INFO - [TRAIN][EXTRACT] Telecharge : IT/mdb-1066
2026-03-06 20:41:45,576 - INFO - [TRAIN][EXTRACT] Telecharge : IT/mdb-1063
2026-03-06 20:41:45,785 - INFO - [TRAIN][EXTRACT] Telecharge : RS/mdb-1027
2026-03-06 20:41:45,823 - INFO - [TRAIN][EXTRACT] Telecharge : IT/mdb-1049
2026-03-06 20:41:46,197 - INFO - [TRAIN][EXTRACT] Telecharge : IT/mdb-1059
2026-03-06 20:41:49,165 - INFO - [TRAIN][EXTRACT] Telecharge : HU/mdb-990
2026-03-06 20:41:51,819 - INFO - [TRAIN][EXTRACT] Telecharge : BE/mdb-1088
2026-03-06 20:41:54,263 - INFO - [TRAIN][EXTRACT] Telecharge : DE/mdb-1089
2026-03-06 20:41:54,931 - INFO - [TRAIN][EXTRACT] Telecharge : DE/mdb-1085
2026-03-06 20:41:56,968 - INFO - [TRAIN][EXTRACT] Telecharge : FI/mdb-1098
2026-03-06 20:42:02,185 - INFO - [TRAIN][EXTRACT] Telecharge : EE/mdb-1095
2026-03-06 20:42:03,823 - INFO - [TRAIN][EXTRACT] Telecharge : RO/mdb-1104
2026-03-06 20:42:05,248 - INFO - [TRAIN][EXTRACT] Telecharge : FI/mdb-1114
2026-03-06 20:42:07,686 - INFO - [TRAIN][EXTRACT] Telecharge : PT/mdb-1119
2026-03-06 20:42:09,088 - INFO - [TRAIN][EXTRACT] Telecharge : DE/mdb-1082
2026-03-06 20:42:10,003 - INFO - [TRAIN][EXTRACT] Telecharge : FI/mdb-1127
2026-03-06 20:42:11,274 - INFO - [TRAIN][EXTRACT] Telecharge : FI/mdb-1128
2026-03-06 20:42:13,087 - INFO - [TRAIN][EXTRACT] Telecharge : FI/mdb-1130
2026-03-06 20:42:13,970 - INFO - [TRAIN][EXTRACT] Telecharge : GB/mdb-1103
2026-03-06 20:42:14,773 - INFO - [TRAIN][EXTRACT] Telecharge : FI/mdb-1131
2026-03-06 20:42:15,285 - INFO - [TRAIN][EXTRACT] Telecharge : ES/mdb-1162
2026-03-06 20:42:15,704 - INFO - [TRAIN][EXTRACT] Telecharge : FI/mdb-1129
2026-03-06 20:42:20,625 - INFO - [TRAIN][EXTRACT] Telecharge : ES/mdb-1135
2026-03-06 20:42:22,779 - INFO - [TRAIN][EXTRACT] Telecharge : FI/mdb-1227
2026-03-06 20:42:27,655 - INFO - [TRAIN][EXTRACT] Telecharge : PL/mdb-1270
2026-03-06 20:42:29,918 - INFO - [TRAIN][EXTRACT] Telecharge : PT/mdb-1272
2026-03-06 20:42:36,441 - INFO - [TRAIN][EXTRACT] Telecharge : PL/mdb-1290
2026-03-06 20:42:49,060 - INFO - [TRAIN][EXTRACT] Telecharge : BE/mdb-684
2026-03-06 20:42:53,654 - INFO - [TRAIN][EXTRACT] Telecharge : BE/mdb-1212
2026-03-06 20:42:54,522 - INFO - [TRAIN][EXTRACT] Telecharge : ES/mdb-1316
2026-03-06 20:42:56,129 - INFO - [TRAIN][EXTRACT] Telecharge : GB/mdb-1311
2026-03-06 20:42:56,648 - INFO - [TRAIN][EXTRACT] Telecharge : IT/mdb-1294
2026-03-06 20:42:58,494 - INFO - [TRAIN][EXTRACT] Telecharge : SK/mdb-1832
2026-03-06 20:42:59,790 - INFO - [TRAIN][EXTRACT] Telecharge : LT/mdb-1833
2026-03-06 20:42:59,816 - INFO - [TRAIN][EXTRACT] Telecharge : PL/mdb-1326
2026-03-06 20:43:00,627 - INFO - [TRAIN][EXTRACT] Telecharge : ES/mdb-1856
2026-03-06 20:43:01,301 - INFO - [TRAIN][EXTRACT] Telecharge : LT/mdb-1834
2026-03-06 20:43:09,488 - INFO - [TRAIN][EXTRACT] Telecharge : BE/mdb-1859
2026-03-06 20:43:17,446 - INFO - [TRAIN][EXTRACT] Telecharge : ES/mdb-1870
2026-03-06 20:43:18,252 - INFO - [TRAIN][EXTRACT] Telecharge : AT/mdb-1077
2026-03-06 20:43:18,889 - INFO - [TRAIN][EXTRACT] Telecharge : SI/mdb-1827
2026-03-06 20:43:19,409 - INFO - [TRAIN][EXTRACT] Telecharge : CZ/mdb-1901
2026-03-06 20:43:19,446 - INFO - [TRAIN][EXTRACT] Telecharge : HU/mdb-1903
2026-03-06 20:43:20,768 - INFO - [TRAIN][EXTRACT] Telecharge : PL/mdb-1908
2026-03-06 20:43:21,025 - INFO - [TRAIN][EXTRACT] Telecharge : CY/mdb-1915
2026-03-06 20:43:22,030 - INFO - [TRAIN][EXTRACT] Telecharge : CY/mdb-1916
2026-03-06 20:43:22,336 - INFO - [TRAIN][EXTRACT] Telecharge : CY/mdb-1917
2026-03-06 20:43:22,340 - INFO - [TRAIN][EXTRACT] Telecharge : PL/mdb-1907
2026-03-06 20:43:23,956 - INFO - [TRAIN][EXTRACT] Telecharge : CY/mdb-1919
2026-03-06 20:43:24,175 - INFO - [TRAIN][EXTRACT] Telecharge : PT/mdb-1927
2026-03-06 20:43:24,404 - INFO - [TRAIN][EXTRACT] Telecharge : CY/mdb-1918
2026-03-06 20:43:24,727 - INFO - [TRAIN][EXTRACT] Telecharge : FI/mdb-1090
2026-03-06 20:43:26,111 - INFO - [TRAIN][EXTRACT] Telecharge : GB/mdb-1930
2026-03-06 20:43:26,247 - INFO - [TRAIN][EXTRACT] Telecharge : GB/mdb-1932
2026-03-06 20:43:26,273 - INFO - [TRAIN][EXTRACT] Telecharge : GB/mdb-1929
2026-03-06 20:43:26,500 - INFO - [TRAIN][EXTRACT] Telecharge : GB/mdb-1928
2026-03-06 20:43:26,857 - INFO - [TRAIN][EXTRACT] Telecharge : GB/mdb-1936
2026-03-06 20:43:27,179 - INFO - [TRAIN][EXTRACT] Telecharge : BE/mdb-1868
2026-03-06 20:43:28,333 - INFO - [TRAIN][EXTRACT] Telecharge : GB/mdb-1937
2026-03-06 20:43:28,528 - INFO - [TRAIN][EXTRACT] Telecharge : GB/mdb-1933
2026-03-06 20:43:30,049 - INFO - [TRAIN][EXTRACT] Telecharge : GB/mdb-1938
2026-03-06 20:43:30,844 - INFO - [TRAIN][EXTRACT] Telecharge : GB/mdb-1940
2026-03-06 20:43:31,243 - INFO - [TRAIN][EXTRACT] Telecharge : DE/mdb-1173
2026-03-06 20:43:31,473 - INFO - [TRAIN][EXTRACT] Telecharge : GB/mdb-1934
2026-03-06 20:43:32,391 - INFO - [TRAIN][EXTRACT] Telecharge : GB/mdb-1941
2026-03-06 20:43:32,690 - INFO - [TRAIN][EXTRACT] Telecharge : GB/mdb-1944
2026-03-06 20:43:32,694 - INFO - [TRAIN][EXTRACT] Telecharge : GB/mdb-1935
2026-03-06 20:43:33,493 - INFO - [TRAIN][EXTRACT] Telecharge : GB/mdb-1945
2026-03-06 20:43:33,638 - INFO - [TRAIN][EXTRACT] Telecharge : GB/mdb-1943
2026-03-06 20:43:34,874 - INFO - [TRAIN][EXTRACT] Telecharge : GB/mdb-1948
2026-03-06 20:43:35,055 - INFO - [TRAIN][EXTRACT] Telecharge : GB/mdb-1946
2026-03-06 20:43:35,683 - INFO - [TRAIN][EXTRACT] Telecharge : GB/mdb-1950
2026-03-06 20:43:35,871 - INFO - [TRAIN][EXTRACT] Telecharge : GB/mdb-1947
2026-03-06 20:43:36,280 - INFO - [TRAIN][EXTRACT] Telecharge : GB/mdb-1952
2026-03-06 20:43:36,284 - INFO - [TRAIN][EXTRACT] Telecharge : GB/mdb-1939
2026-03-06 20:43:36,369 - INFO - [TRAIN][EXTRACT] Telecharge : GB/mdb-1954
2026-03-06 20:43:36,642 - INFO - [TRAIN][EXTRACT] Telecharge : RO/mdb-1984
2026-03-06 20:43:36,846 - INFO - [TRAIN][EXTRACT] Telecharge : LV/mdb-2018
2026-03-06 20:43:37,189 - INFO - [TRAIN][EXTRACT] Telecharge : LV/mdb-2017
2026-03-06 20:43:37,320 - INFO - [TRAIN][EXTRACT] Telecharge : IT/mdb-2008
2026-03-06 20:43:37,438 - INFO - [TRAIN][EXTRACT] Telecharge : LV/mdb-2016
2026-03-06 20:43:37,562 - INFO - [TRAIN][EXTRACT] Telecharge : IT/mdb-2020
2026-03-06 20:43:37,852 - INFO - [TRAIN][EXTRACT] Telecharge : IT/mdb-2023
2026-03-06 20:43:38,083 - INFO - [TRAIN][EXTRACT] Telecharge : CH/mdb-2053
2026-03-06 20:43:38,098 - INFO - [TRAIN][EXTRACT] Telecharge : GB/mdb-1957
2026-03-06 20:43:38,275 - INFO - [TRAIN][EXTRACT] Telecharge : IT/mdb-2021
2026-03-06 20:43:38,833 - INFO - [TRAIN][EXTRACT] Telecharge : IT/mdb-2022
2026-03-06 20:43:38,939 - INFO - [TRAIN][EXTRACT] Telecharge : PT/mdb-2057
2026-03-06 20:43:38,990 - INFO - [TRAIN][EXTRACT] Telecharge : PL/mdb-2085
2026-03-06 20:43:39,524 - INFO - [TRAIN][EXTRACT] Telecharge : PL/mdb-2084
2026-03-06 20:43:39,715 - INFO - [TRAIN][EXTRACT] Telecharge : PL/mdb-2086
2026-03-06 20:43:40,536 - INFO - [TRAIN][EXTRACT] Telecharge : PL/mdb-2091
2026-03-06 20:43:40,721 - INFO - [TRAIN][EXTRACT] Telecharge : PL/mdb-2089
2026-03-06 20:43:40,989 - INFO - [TRAIN][EXTRACT] Telecharge : PL/mdb-2087
2026-03-06 20:43:42,726 - INFO - [TRAIN][EXTRACT] Telecharge : CZ/mdb-2088
2026-03-06 20:43:44,934 - INFO - [TRAIN][EXTRACT] Telecharge : RO/mdb-2099
2026-03-06 20:43:46,152 - INFO - [TRAIN][EXTRACT] Telecharge : PL/mdb-2094
2026-03-06 20:43:46,250 - INFO - [TRAIN][EXTRACT] Telecharge : RO/mdb-2098
2026-03-06 20:43:46,456 - INFO - [TRAIN][EXTRACT] Telecharge : RO/mdb-2100
2026-03-06 20:43:47,518 - INFO - [TRAIN][EXTRACT] Telecharge : RO/mdb-2101
2026-03-06 20:43:47,528 - INFO - [TRAIN][EXTRACT] Telecharge : RO/mdb-2106
2026-03-06 20:43:47,586 - INFO - [TRAIN][EXTRACT] Telecharge : RO/mdb-2102
2026-03-06 20:43:48,533 - INFO - [TRAIN][EXTRACT] Telecharge : RO/mdb-2114
2026-03-06 20:43:48,555 - INFO - [TRAIN][EXTRACT] Telecharge : BG/mdb-2119
2026-03-06 20:43:48,727 - INFO - [TRAIN][EXTRACT] Telecharge : PL/mdb-2093
2026-03-06 20:43:49,082 - INFO - [TRAIN][EXTRACT] Telecharge : RO/mdb-2116
2026-03-06 20:43:50,702 - INFO - [TRAIN][EXTRACT] Telecharge : RO/mdb-2121
2026-03-06 20:43:51,154 - INFO - [TRAIN][EXTRACT] Telecharge : RO/mdb-2143
2026-03-06 20:43:51,302 - INFO - [TRAIN][EXTRACT] Telecharge : ES/mdb-2141
2026-03-06 20:43:52,709 - INFO - [TRAIN][EXTRACT] Telecharge : CZ/mdb-2155
2026-03-06 20:43:53,867 - INFO - [TRAIN][EXTRACT] Telecharge : ES/mdb-2212
2026-03-06 20:43:57,028 - INFO - [TRAIN][EXTRACT] Telecharge : AL/mdb-2345
2026-03-06 20:44:00,581 - INFO - [TRAIN][EXTRACT] Telecharge : DE/mdb-2231
2026-03-06 20:44:00,939 - INFO - [TRAIN][EXTRACT] Telecharge : DE/mdb-2360
2026-03-06 20:44:02,794 - INFO - [TRAIN][EXTRACT] Telecharge : ES/mdb-2359
2026-03-06 20:44:04,810 - INFO - [TRAIN][EXTRACT] Telecharge : EE/mdb-2337
2026-03-06 20:44:05,797 - INFO - [TRAIN][EXTRACT] Telecharge : DE/mdb-784
2026-03-06 20:44:05,993 - INFO - [TRAIN][EXTRACT] Telecharge : DE/mdb-2333
2026-03-06 20:44:06,028 - INFO - [TRAIN][EXTRACT] Telecharge : IT/mdb-2373
2026-03-06 20:44:06,734 - INFO - [TRAIN][EXTRACT] Telecharge : ME/mdb-2377
2026-03-06 20:44:07,030 - INFO - [TRAIN][EXTRACT] Telecharge : LT/mdb-2385
2026-03-06 20:44:07,550 - INFO - [TRAIN][EXTRACT] Telecharge : UA/mdb-2374
2026-03-06 20:44:08,433 - INFO - [TRAIN][EXTRACT] Telecharge : ES/mdb-2400
2026-03-06 20:44:09,797 - INFO - [TRAIN][EXTRACT] Telecharge : PL/mdb-2387
2026-03-06 20:44:09,870 - INFO - [TRAIN][EXTRACT] Telecharge : PL/mdb-2598
2026-03-06 20:44:13,853 - INFO - [TRAIN][EXTRACT] Telecharge : IE/mdb-2637
2026-03-06 20:44:15,341 - INFO - [TRAIN][EXTRACT] Telecharge : IE/mdb-2638
2026-03-06 20:44:15,605 - INFO - [TRAIN][EXTRACT] Telecharge : IE/mdb-2635
2026-03-06 20:44:15,743 - INFO - [TRAIN][EXTRACT] Telecharge : PL/mdb-2092
2026-03-06 20:44:17,260 - INFO - [TRAIN][EXTRACT] Telecharge : IE/mdb-2640
2026-03-06 20:44:22,604 - INFO - [TRAIN][EXTRACT] Telecharge : IE/mdb-2639
2026-03-06 20:44:25,194 - INFO - [TRAIN][EXTRACT] Telecharge : PT/mdb-2027
2026-03-06 20:44:26,255 - INFO - [TRAIN][EXTRACT] Telecharge : ES/mdb-2680
2026-03-06 20:44:26,586 - INFO - [TRAIN][EXTRACT] Telecharge : IE/mdb-2636
2026-03-06 20:44:29,026 - INFO - [TRAIN][EXTRACT] Telecharge : ES/mdb-2681
2026-03-06 20:44:30,113 - INFO - [TRAIN][EXTRACT] Telecharge : ES/mdb-2653
2026-03-06 20:44:30,668 - INFO - [TRAIN][EXTRACT] Telecharge : ES/mdb-2683
2026-03-06 20:44:31,020 - INFO - [TRAIN][EXTRACT] Telecharge : ES/mdb-2682
2026-03-06 20:44:32,394 - INFO - [TRAIN][EXTRACT] Telecharge : PL/mdb-2689
2026-03-06 20:44:33,217 - INFO - [TRAIN][EXTRACT] Telecharge : ES/mdb-2691
2026-03-06 20:44:33,772 - INFO - [TRAIN][EXTRACT] Telecharge : IE/mdb-2364
2026-03-06 20:44:34,396 - INFO - [TRAIN][EXTRACT] Telecharge : ES/mdb-2712
2026-03-06 20:44:35,624 - INFO - [TRAIN][EXTRACT] Telecharge : ES/mdb-2714
2026-03-06 20:44:35,691 - INFO - [TRAIN][EXTRACT] Telecharge : IT/mdb-2687
2026-03-06 20:44:36,161 - INFO - [TRAIN][EXTRACT] Telecharge : ES/mdb-2715
2026-03-06 20:44:36,966 - INFO - [TRAIN][EXTRACT] Telecharge : ES/mdb-2718
2026-03-06 20:44:37,366 - INFO - [TRAIN][EXTRACT] Telecharge : ES/mdb-2717
2026-03-06 20:44:37,551 - INFO - [TRAIN][EXTRACT] Telecharge : ES/mdb-2716
2026-03-06 20:44:38,313 - INFO - [TRAIN][EXTRACT] Telecharge : ES/mdb-2720
2026-03-06 20:44:39,349 - INFO - [TRAIN][EXTRACT] Telecharge : ES/mdb-2722
2026-03-06 20:44:39,636 - INFO - [TRAIN][EXTRACT] Telecharge : IT/mdb-2666
2026-03-06 20:44:39,795 - INFO - [TRAIN][EXTRACT] Telecharge : ES/mdb-2721
2026-03-06 20:44:40,200 - INFO - [TRAIN][EXTRACT] Telecharge : GB/mdb-2688
2026-03-06 20:44:40,520 - INFO - [TRAIN][EXTRACT] Telecharge : ES/mdb-2724
2026-03-06 20:44:40,569 - INFO - [TRAIN][EXTRACT] Telecharge : SE/mdb-2661
2026-03-06 20:44:40,641 - INFO - [TRAIN][EXTRACT] Telecharge : ES/mdb-2726
2026-03-06 20:44:41,510 - INFO - [TRAIN][EXTRACT] Telecharge : ES/mdb-2728
2026-03-06 20:44:42,885 - INFO - [TRAIN][EXTRACT] Telecharge : ES/mdb-2727
2026-03-06 20:44:42,930 - INFO - [TRAIN][EXTRACT] Telecharge : ES/mdb-2732
2026-03-06 20:44:42,986 - INFO - [TRAIN][EXTRACT] Telecharge : ES/mdb-2730
2026-03-06 20:44:43,315 - INFO - [TRAIN][EXTRACT] Telecharge : ES/mdb-2729
2026-03-06 20:44:43,732 - INFO - [TRAIN][EXTRACT] Telecharge : ES/mdb-2735
2026-03-06 20:44:43,846 - INFO - [TRAIN][EXTRACT] Telecharge : ES/mdb-2733
2026-03-06 20:44:44,007 - INFO - [TRAIN][EXTRACT] Telecharge : ES/mdb-2723
2026-03-06 20:44:44,012 - INFO - [TRAIN][EXTRACT] Telecharge : ES/mdb-2737
2026-03-06 20:44:44,291 - INFO - [TRAIN][EXTRACT] Telecharge : ES/mdb-2748
2026-03-06 20:44:44,295 - INFO - [TRAIN][EXTRACT] Telecharge : ES/mdb-2749
2026-03-06 20:44:44,970 - INFO - [TRAIN][EXTRACT] Telecharge : ES/mdb-2751
2026-03-06 20:44:45,200 - INFO - [TRAIN][EXTRACT] Telecharge : ES/mdb-2755
2026-03-06 20:44:45,393 - INFO - [TRAIN][EXTRACT] Telecharge : ES/mdb-2719
2026-03-06 20:44:45,494 - INFO - [TRAIN][EXTRACT] Telecharge : ES/mdb-2753
2026-03-06 20:44:45,499 - INFO - [TRAIN][EXTRACT] Telecharge : ES/mdb-2752
2026-03-06 20:44:45,502 - INFO - [TRAIN][EXTRACT] Telecharge : ES/mdb-2754
2026-03-06 20:44:45,566 - INFO - [TRAIN][EXTRACT] Telecharge : ES/mdb-2758
2026-03-06 20:44:45,666 - INFO - [TRAIN][EXTRACT] Telecharge : ES/mdb-2760
2026-03-06 20:44:46,081 - INFO - [TRAIN][EXTRACT] Telecharge : ES/mdb-2761
2026-03-06 20:44:46,299 - INFO - [TRAIN][EXTRACT] Telecharge : ES/mdb-2765
2026-03-06 20:44:46,571 - INFO - [TRAIN][EXTRACT] Telecharge : ES/mdb-2763
2026-03-06 20:44:46,986 - INFO - [TRAIN][EXTRACT] Telecharge : ES/mdb-2762
2026-03-06 20:44:47,157 - INFO - [TRAIN][EXTRACT] Telecharge : ES/mdb-2764
2026-03-06 20:44:47,714 - INFO - [TRAIN][EXTRACT] Telecharge : ES/mdb-2766
2026-03-06 20:44:47,738 - INFO - [TRAIN][EXTRACT] Telecharge : ES/mdb-2767
2026-03-06 20:44:47,861 - INFO - [TRAIN][EXTRACT] Telecharge : ES/mdb-2774
2026-03-06 20:44:47,941 - INFO - [TRAIN][EXTRACT] Telecharge : ES/mdb-2770
2026-03-06 20:44:48,606 - INFO - [TRAIN][EXTRACT] Telecharge : ES/mdb-2771
2026-03-06 20:44:48,617 - INFO - [TRAIN][EXTRACT] Telecharge : ES/mdb-2777
2026-03-06 20:44:48,684 - INFO - [TRAIN][EXTRACT] Telecharge : ES/mdb-2778
2026-03-06 20:44:48,853 - INFO - [TRAIN][EXTRACT] Telecharge : ES/mdb-2775
2026-03-06 20:44:48,935 - INFO - [TRAIN][EXTRACT] Telecharge : ES/mdb-2776
2026-03-06 20:44:49,045 - INFO - [TRAIN][EXTRACT] Telecharge : ES/mdb-2773
2026-03-06 20:44:49,215 - INFO - [TRAIN][EXTRACT] Telecharge : ES/mdb-2779
2026-03-06 20:44:49,529 - INFO - [TRAIN][EXTRACT] Telecharge : ES/mdb-2780
2026-03-06 20:44:49,556 - INFO - [TRAIN][EXTRACT] Telecharge : ES/mdb-2781
2026-03-06 20:44:49,655 - INFO - [TRAIN][EXTRACT] Telecharge : ES/mdb-2786
2026-03-06 20:44:49,797 - INFO - [TRAIN][EXTRACT] Telecharge : ES/mdb-2785
2026-03-06 20:44:50,020 - INFO - [TRAIN][EXTRACT] Telecharge : ES/mdb-2787
2026-03-06 20:44:50,041 - INFO - [TRAIN][EXTRACT] Telecharge : ES/mdb-2784
2026-03-06 20:44:50,042 - INFO - [TRAIN][EXTRACT] Telecharge : ES/mdb-2783
2026-03-06 20:44:50,082 - INFO - [TRAIN][EXTRACT] Telecharge : ES/mdb-2789
2026-03-06 20:44:50,186 - INFO - [TRAIN][EXTRACT] Telecharge : ES/mdb-2788
2026-03-06 20:44:50,521 - INFO - [TRAIN][EXTRACT] Telecharge : ES/mdb-2790
2026-03-06 20:44:50,733 - INFO - [TRAIN][EXTRACT] Telecharge : ES/mdb-2795
2026-03-06 20:44:50,777 - INFO - [TRAIN][EXTRACT] Telecharge : ES/mdb-2794
2026-03-06 20:44:51,177 - INFO - [TRAIN][EXTRACT] Telecharge : ES/mdb-2797
2026-03-06 20:44:51,362 - INFO - [TRAIN][EXTRACT] Telecharge : ES/mdb-2801
2026-03-06 20:44:51,423 - INFO - [TRAIN][EXTRACT] Telecharge : ES/mdb-2802
2026-03-06 20:44:51,670 - INFO - [TRAIN][EXTRACT] Telecharge : ES/mdb-2803
2026-03-06 20:44:51,699 - INFO - [TRAIN][EXTRACT] Telecharge : ES/mdb-2806
2026-03-06 20:44:52,016 - INFO - [TRAIN][EXTRACT] Telecharge : ES/mdb-2805
2026-03-06 20:44:52,334 - INFO - [TRAIN][EXTRACT] Telecharge : ES/mdb-2804
2026-03-06 20:44:52,696 - INFO - [TRAIN][EXTRACT] Telecharge : ES/mdb-2808
2026-03-06 20:44:52,793 - INFO - [TRAIN][EXTRACT] Telecharge : ES/mdb-2814
2026-03-06 20:44:53,483 - INFO - [TRAIN][EXTRACT] Telecharge : ES/mdb-2824
2026-03-06 20:44:53,635 - INFO - [TRAIN][EXTRACT] Telecharge : ES/mdb-2822
2026-03-06 20:44:55,167 - INFO - [TRAIN][EXTRACT] Telecharge : ES/mdb-2820
2026-03-06 20:44:56,002 - INFO - [TRAIN][EXTRACT] Telecharge : ES/mdb-2823
2026-03-06 20:44:57,214 - INFO - [TRAIN][EXTRACT] Telecharge : ES/mdb-2796
2026-03-06 20:44:57,317 - INFO - [TRAIN][EXTRACT] Telecharge : ES/mdb-2829
2026-03-06 20:44:58,216 - INFO - [TRAIN][EXTRACT] Telecharge : ES/mdb-2825
2026-03-06 20:44:58,395 - INFO - [TRAIN][EXTRACT] Telecharge : ES/mdb-2827
2026-03-06 20:44:58,699 - INFO - [TRAIN][EXTRACT] Telecharge : ES/mdb-2830
2026-03-06 20:44:59,429 - INFO - [TRAIN][EXTRACT] Telecharge : PL/mdb-2846
2026-03-06 20:44:59,839 - INFO - [TRAIN][EXTRACT] Telecharge : FI/mdb-2839
2026-03-06 20:45:00,306 - INFO - [TRAIN][EXTRACT] Telecharge : IT/mdb-2841
2026-03-06 20:45:01,176 - INFO - [TRAIN][EXTRACT] Telecharge : IE/mdb-2875
2026-03-06 20:45:01,547 - INFO - [TRAIN][EXTRACT] Telecharge : RO/mdb-2868
2026-03-06 20:45:03,446 - INFO - [TRAIN][EXTRACT] Telecharge : GB/mdb-2900
2026-03-06 20:45:04,451 - INFO - [TRAIN][EXTRACT] Telecharge : CY/mdb-2901
2026-03-06 20:45:05,390 - INFO - [TRAIN][EXTRACT] Telecharge : BG/mdb-2848
2026-03-06 20:45:07,400 - INFO - [TRAIN][EXTRACT] Telecharge : GB/mdb-2906
2026-03-06 20:45:08,266 - INFO - [TRAIN][EXTRACT] Telecharge : GB/mdb-2909
2026-03-06 20:45:09,548 - INFO - [TRAIN][EXTRACT] Telecharge : ES/mdb-2826
2026-03-06 20:45:09,649 - INFO - [TRAIN][EXTRACT] Telecharge : HR/mdb-2910
2026-03-06 20:45:10,536 - INFO - [TRAIN][EXTRACT] Telecharge : ES/mdb-2832
2026-03-06 20:45:11,984 - INFO - [TRAIN][EXTRACT] Telecharge : GB/mdb-2911
2026-03-06 20:45:11,989 - INFO - [TRAIN][EXTRACT] Telecharge : GB/mdb-2913
2026-03-06 20:45:11,992 - INFO - [TRAIN][EXTRACT] Telecharge : GB/mdb-2912
2026-03-06 20:45:12,480 - INFO - [TRAIN][EXTRACT] Telecharge : PT/mdb-2921
2026-03-06 20:45:14,338 - INFO - [TRAIN][EXTRACT] Telecharge : SK/mdb-2919
2026-03-06 20:45:15,814 - INFO - [TRAIN][EXTRACT] Telecharge : RS/mdb-2927
2026-03-06 20:45:15,819 - INFO - [TRAIN][EXTRACT] Telecharge : RS/mdb-2925
2026-03-06 20:45:18,978 - INFO - [TRAIN][EXTRACT] Telecharge : RS/mdb-2928
2026-03-06 20:45:20,560 - INFO - [TRAIN][EXTRACT] Telecharge : UA/mdb-2931
2026-03-06 20:45:20,856 - INFO - [TRAIN][EXTRACT] Telecharge : ES/mdb-2926
2026-03-06 20:45:21,964 - INFO - [TRAIN][EXTRACT] Telecharge : UA/mdb-2932
2026-03-06 20:45:22,492 - INFO - [TRAIN][EXTRACT] Telecharge : CH/tdg-76779
2026-03-06 20:45:23,929 - INFO - [TRAIN][EXTRACT] Telecharge : CH/tdg-80437
2026-03-06 20:45:27,129 - INFO - [TRAIN][EXTRACT] Telecharge : ES/tdg-80701
2026-03-06 20:45:27,332 - INFO - [TRAIN][EXTRACT] Telecharge : PT/mdb-2929
2026-03-06 20:45:27,404 - INFO - [TRAIN][EXTRACT] Telecharge : DE/tdg-80419
2026-03-06 20:45:28,237 - INFO - [TRAIN][EXTRACT] Telecharge : CH/tdg-80973
2026-03-06 20:45:28,924 - INFO - [TRAIN][EXTRACT] Telecharge : BE/tdg-82199
2026-03-06 20:45:30,226 - INFO - [TRAIN][EXTRACT] Telecharge : IE/tld-592
2026-03-06 20:45:30,900 - INFO - [TRAIN][EXTRACT] Telecharge : IT/tld-576
2026-03-06 20:45:31,186 - INFO - [TRAIN][EXTRACT] Telecharge : IE/tld-601
2026-03-06 20:45:31,357 - INFO - [TRAIN][EXTRACT] Telecharge : ES/mdb-2821
2026-03-06 20:45:31,527 - INFO - [TRAIN][EXTRACT] Telecharge : BE/tdg-81995
2026-03-06 20:45:31,884 - INFO - [TRAIN][EXTRACT] Telecharge : IE/tld-611
2026-03-06 20:45:32,350 - INFO - [TRAIN][EXTRACT] Telecharge : IE/tld-613
2026-03-06 20:45:32,557 - INFO - [TRAIN][EXTRACT] Telecharge : IE/tld-617
2026-03-06 20:45:32,706 - INFO - [TRAIN][EXTRACT] Telecharge : IE/tld-616
2026-03-06 20:45:33,343 - INFO - [TRAIN][EXTRACT] Telecharge : IE/tld-635
2026-03-06 20:45:33,533 - INFO - [TRAIN][EXTRACT] Telecharge : IE/tld-620
2026-03-06 20:45:33,567 - INFO - [TRAIN][EXTRACT] Telecharge : IE/tld-623
2026-03-06 20:45:34,302 - INFO - [TRAIN][EXTRACT] Telecharge : PT/tld-715
2026-03-06 20:45:34,391 - INFO - [TRAIN][EXTRACT] Telecharge : IE/tld-626
2026-03-06 20:45:34,918 - INFO - [TRAIN][EXTRACT] Telecharge : IE/tld-637
2026-03-06 20:45:35,680 - INFO - [TRAIN][EXTRACT] Telecharge : ES/tld-767
2026-03-06 20:45:35,720 - INFO - [TRAIN][EXTRACT] Telecharge : FI/tld-829
2026-03-06 20:45:37,072 - INFO - [TRAIN][EXTRACT] Telecharge : HU/tld-883
2026-03-06 20:45:37,290 - INFO - [TRAIN][EXTRACT] Telecharge : IE/tld-641
2026-03-06 20:45:38,423 - INFO - [TRAIN][EXTRACT] Telecharge : FI/tld-832
2026-03-06 20:45:39,312 - INFO - [TRAIN][EXTRACT] Telecharge : IT/tld-958
2026-03-06 20:45:39,370 - INFO - [TRAIN][EXTRACT] Telecharge : HU/tld-1162
2026-03-06 20:45:43,980 - INFO - [TRAIN][EXTRACT] Telecharge : IS/tld-4056
2026-03-06 20:45:44,354 - INFO - [TRAIN][EXTRACT] Telecharge : SK/tld-3363
2026-03-06 20:45:44,994 - INFO - [TRAIN][EXTRACT] Telecharge : PT/tld-4257
2026-03-06 20:45:45,579 - INFO - [TRAIN][EXTRACT] Telecharge : HR/tld-1071
2026-03-06 20:45:45,908 - INFO - [TRAIN][EXTRACT] Telecharge : CZ/mdb-2904
2026-03-06 20:45:46,113 - INFO - [TRAIN][EXTRACT] Telecharge : PT/tld-4316
2026-03-06 20:45:46,425 - INFO - [TRAIN][EXTRACT] Telecharge : PT/tld-4315
2026-03-06 20:45:47,039 - INFO - [TRAIN][EXTRACT] Telecharge : PT/tld-4317
2026-03-06 20:45:47,087 - INFO - [TRAIN][EXTRACT] Telecharge : PT/tld-4318
2026-03-06 20:45:47,089 - INFO - [TRAIN][EXTRACT] Telecharge : PT/tld-4319
2026-03-06 20:45:47,570 - INFO - [TRAIN][EXTRACT] Telecharge : PT/tld-4320
2026-03-06 20:45:47,599 - INFO - [TRAIN][EXTRACT] Telecharge : IE/tld-4534
2026-03-06 20:45:48,077 - INFO - [TRAIN][EXTRACT] Telecharge : PT/tld-4322
2026-03-06 20:45:48,433 - INFO - [TRAIN][EXTRACT] Telecharge : PT/tld-4321
2026-03-06 20:45:48,731 - INFO - [TRAIN][EXTRACT] Telecharge : IE/tld-4535
2026-03-06 20:45:49,010 - INFO - [TRAIN][EXTRACT] Telecharge : FI/tld-5528
2026-03-06 20:45:49,146 - INFO - [TRAIN][EXTRACT] Telecharge : NO/tld-1048
2026-03-06 20:45:49,732 - INFO - [TRAIN][EXTRACT] Telecharge : FI/tld-5529
2026-03-06 20:45:49,937 - INFO - [TRAIN][EXTRACT] Telecharge : IT/tld-4833
2026-03-06 20:45:50,207 - INFO - [TRAIN][EXTRACT] Telecharge : PT/tld-5536
2026-03-06 20:45:50,404 - INFO - [TRAIN][EXTRACT] Telecharge : PL/tld-5701
2026-03-06 20:45:51,485 - INFO - [TRAIN][EXTRACT] Telecharge : CY/tld-5772
2026-03-06 20:45:51,790 - INFO - [TRAIN][EXTRACT] Telecharge : CZ/mdb-1078
2026-03-06 20:45:52,088 - INFO - [TRAIN][EXTRACT] Telecharge : PL/tld-6055
2026-03-06 20:45:52,140 - INFO - [TRAIN][EXTRACT] Telecharge : IE/tld-5576
2026-03-06 20:45:53,807 - INFO - [TRAIN][EXTRACT] Telecharge : PL/tld-6064
2026-03-06 20:45:54,427 - INFO - [TRAIN][EXTRACT] Telecharge : IT/tld-6952
2026-03-06 20:45:55,762 - INFO - [TRAIN][EXTRACT] Telecharge : IT/tld-6955
2026-03-06 20:45:55,913 - INFO - [TRAIN][EXTRACT] Telecharge : IT/tld-6956
2026-03-06 20:45:56,087 - INFO - [TRAIN][EXTRACT] Telecharge : IT/tld-6957
2026-03-06 20:45:56,770 - INFO - [TRAIN][EXTRACT] Telecharge : IT/tld-6960
2026-03-06 20:45:57,191 - INFO - [TRAIN][EXTRACT] Telecharge : IT/tld-6958
2026-03-06 20:45:57,245 - INFO - [TRAIN][EXTRACT] Telecharge : IT/tld-6953
2026-03-06 20:45:58,300 - INFO - [TRAIN][EXTRACT] Telecharge : IT/tld-6963
2026-03-06 20:45:59,601 - INFO - [TRAIN][EXTRACT] Telecharge : IT/tld-6966
2026-03-06 20:45:59,692 - INFO - [TRAIN][EXTRACT] Telecharge : IT/tld-6967
2026-03-06 20:46:00,039 - INFO - [TRAIN][EXTRACT] Telecharge : IT/tld-6969
2026-03-06 20:46:00,923 - INFO - [TRAIN][EXTRACT] Telecharge : IT/tld-6972
2026-03-06 20:46:00,923 - INFO - [TRAIN][EXTRACT] Telecharge : IT/tld-6973
2026-03-06 20:46:01,070 - INFO - [TRAIN][EXTRACT] Telecharge : IT/tld-6959
2026-03-06 20:46:01,220 - INFO - [TRAIN][EXTRACT] Telecharge : IT/tld-6970
2026-03-06 20:46:02,073 - INFO - [TRAIN][EXTRACT] Telecharge : IT/tld-6974
2026-03-06 20:46:02,114 - INFO - [TRAIN][EXTRACT] Telecharge : IT/tld-6975
2026-03-06 20:46:02,145 - INFO - [TRAIN][EXTRACT] Telecharge : IT/tld-6976
2026-03-06 20:46:02,298 - INFO - [TRAIN][EXTRACT] Telecharge : IT/tld-6977
2026-03-06 20:46:02,681 - INFO - [TRAIN][EXTRACT] Telecharge : IT/tld-6980
2026-03-06 20:46:02,955 - INFO - [TRAIN][EXTRACT] Telecharge : IT/tld-6981
2026-03-06 20:46:02,957 - INFO - [TRAIN][EXTRACT] Telecharge : IT/tld-6979
2026-03-06 20:46:03,209 - INFO - [TRAIN][EXTRACT] Telecharge : IT/tld-6978
2026-03-06 20:46:03,680 - INFO - [TRAIN][EXTRACT] Telecharge : IT/tld-6982
2026-03-06 20:46:04,020 - INFO - [TRAIN][EXTRACT] Telecharge : IT/tld-6985
2026-03-06 20:46:04,192 - INFO - [TRAIN][EXTRACT] Telecharge : IT/tld-6984
2026-03-06 20:46:04,206 - INFO - [TRAIN][EXTRACT] Telecharge : IT/tld-6983
2026-03-06 20:46:05,572 - INFO - [TRAIN][EXTRACT] Telecharge : IT/tld-6989
2026-03-06 20:46:05,670 - INFO - [TRAIN][EXTRACT] Telecharge : IT/tld-6986
2026-03-06 20:46:06,536 - INFO - [TRAIN][EXTRACT] Telecharge : IT/tld-6988
2026-03-06 20:46:06,878 - INFO - [TRAIN][EXTRACT] Telecharge : IT/tld-6990
2026-03-06 20:46:07,281 - INFO - [TRAIN][EXTRACT] Telecharge : IT/tld-6987
2026-03-06 20:46:07,448 - INFO - [TRAIN][EXTRACT] Telecharge : IT/tld-6991
2026-03-06 20:46:07,909 - INFO - [TRAIN][EXTRACT] Telecharge : IT/tld-6992
2026-03-06 20:46:08,210 - INFO - [TRAIN][EXTRACT] Telecharge : IT/tld-6994
2026-03-06 20:46:08,622 - INFO - [TRAIN][EXTRACT] Telecharge : IT/tld-6993
2026-03-06 20:46:08,746 - INFO - [TRAIN][EXTRACT] Telecharge : IT/tld-6995
2026-03-06 20:46:08,956 - INFO - [TRAIN][EXTRACT] Telecharge : IT/tld-6996
2026-03-06 20:46:09,169 - INFO - [TRAIN][EXTRACT] Telecharge : IT/tld-6997
2026-03-06 20:46:09,232 - INFO - [TRAIN][EXTRACT] Telecharge : IT/tld-6998
2026-03-06 20:46:09,505 - INFO - [TRAIN][EXTRACT] Telecharge : IT/tld-6999
2026-03-06 20:46:09,525 - INFO - [TRAIN][EXTRACT] Telecharge : IT/tld-7000
2026-03-06 20:46:10,308 - INFO - [TRAIN][EXTRACT] Telecharge : IT/tld-7005
2026-03-06 20:46:10,331 - INFO - [TRAIN][EXTRACT] Telecharge : IT/tld-7002
2026-03-06 20:46:10,401 - INFO - [TRAIN][EXTRACT] Telecharge : IT/tld-7004
2026-03-06 20:46:10,833 - INFO - [TRAIN][EXTRACT] Telecharge : IT/tld-7007
2026-03-06 20:46:10,875 - INFO - [TRAIN][EXTRACT] Telecharge : IT/tld-7006
2026-03-06 20:46:11,652 - INFO - [TRAIN][EXTRACT] Telecharge : IT/tld-7012
2026-03-06 20:46:11,857 - INFO - [TRAIN][EXTRACT] Telecharge : IT/tld-7011
2026-03-06 20:46:12,242 - INFO - [TRAIN][EXTRACT] Telecharge : IT/tld-7010
2026-03-06 20:46:12,479 - INFO - [TRAIN][EXTRACT] Telecharge : IT/tld-7009
2026-03-06 20:46:12,514 - INFO - [TRAIN][EXTRACT] Telecharge : IE/tld-5901
2026-03-06 20:46:12,530 - INFO - [TRAIN][EXTRACT] Telecharge : HU/tld-5862
2026-03-06 20:46:12,623 - INFO - [TRAIN][EXTRACT] Telecharge : IT/tld-7013
2026-03-06 20:46:12,688 - INFO - [TRAIN][EXTRACT] Telecharge : IT/tld-7015
2026-03-06 20:46:12,981 - INFO - [TRAIN][EXTRACT] Telecharge : PT/tld-7876
2026-03-06 20:46:13,153 - INFO - [TRAIN][EXTRACT] Telecharge : PT/tld-7825
2026-03-06 20:46:13,336 - INFO - [TRAIN][EXTRACT] Telecharge : SE/tld-7891
2026-03-06 20:46:13,702 - INFO - [TRAIN][EXTRACT] Telecharge : PT/tld-7877
2026-03-06 20:46:13,731 - INFO - [TRAIN][EXTRACT] Telecharge : IT/tld-7014
2026-03-06 20:46:13,894 - INFO - [TRAIN][EXTRACT] Telecharge : HU/tld-7875
2026-03-06 20:46:14,111 - INFO - [TRAIN][EXTRACT] Telecharge : CZ/tld-7926
2026-03-06 20:46:20,217 - INFO - [TRAIN][EXTRACT] Telecharge : CH/mdb-2898
2026-03-06 20:46:35,956 - INFO - [TRAIN][EXTRACT] Telecharge : DE/mdb-2393
2026-03-06 20:46:36,007 - INFO - [TRAIN][EXTRACT] 851/851 feeds telecharges.
2026-03-06 20:46:36,098 - INFO - [TRAIN][EXTRACT] 851 feeds GTFS à traiter.
2026-03-06 20:46:55,900 - INFO - [TRAIN][EXTRACT]   mdb-1077 : 547 stations
2026-03-06 20:47:02,977 - INFO - [TRAIN][EXTRACT]   mdb-1859 : 639 stations
2026-03-06 20:47:08,019 - INFO - [TRAIN][EXTRACT]   mdb-686 : 639 stations
2026-03-06 20:47:10,077 - INFO - [TRAIN][EXTRACT]   tdg-82199 : 23 stations
2026-03-06 20:47:35,332 - INFO - [TRAIN][EXTRACT]   mdb-2898 : 2326 stations
2026-03-06 20:47:53,162 - INFO - [TRAIN][EXTRACT]   mdb-1078 : 790 stations
2026-03-06 20:47:57,078 - INFO - [TRAIN][EXTRACT]   mdb-2088 : 460 stations
2026-03-06 20:47:59,827 - INFO - [TRAIN][EXTRACT]   mdb-2155 : 195 stations
2026-03-06 20:48:03,117 - INFO - [TRAIN][EXTRACT]   mdb-767 : 785 stations
2026-03-06 20:48:05,565 - INFO - [TRAIN][EXTRACT]   mdb-1082 : 177 stations
2026-03-06 20:48:07,786 - INFO - [TRAIN][EXTRACT]   mdb-1085 : 140 stations
2026-03-06 20:48:12,050 - INFO - [TRAIN][EXTRACT]   mdb-1089 : 7584 stations
2026-03-06 20:48:15,197 - INFO - [TRAIN][EXTRACT]   mdb-1173 : 37 stations
2026-03-06 20:48:18,848 - INFO - [TRAIN][EXTRACT]   mdb-2231 : 389 stations
2026-03-06 20:48:25,321 - INFO - [TRAIN][EXTRACT]   mdb-2393 : 2105 stations
2026-03-06 20:48:27,266 - INFO - [TRAIN][EXTRACT]   mdb-768 : 588 stations
2026-03-06 20:48:29,670 - INFO - [TRAIN][EXTRACT]   mdb-769 : 331 stations
2026-03-06 20:48:31,851 - INFO - [TRAIN][EXTRACT]   mdb-770 : 468 stations
2026-03-06 20:48:34,264 - INFO - [TRAIN][EXTRACT]   mdb-771 : 462 stations
2026-03-06 20:48:36,282 - INFO - [TRAIN][EXTRACT]   mdb-772 : 274 stations
2026-03-06 20:48:38,055 - INFO - [TRAIN][EXTRACT]   mdb-774 : 205 stations
2026-03-06 20:48:42,724 - INFO - [TRAIN][EXTRACT]   mdb-778 : 138 stations
2026-03-06 20:48:48,506 - INFO - [TRAIN][EXTRACT]   mdb-782 : 606 stations
2026-03-06 20:48:50,621 - INFO - [TRAIN][EXTRACT]   mdb-783 : 306 stations
2026-03-06 20:49:23,135 - INFO - [TRAIN][EXTRACT]   mdb-784 : 9873 stations
2026-03-06 20:49:24,437 - INFO - [TRAIN][EXTRACT]   mdb-900 : 225 stations
2026-03-06 20:49:25,602 - INFO - [TRAIN][EXTRACT]   mdb-906 : 185 stations
2026-03-06 20:49:27,680 - INFO - [TRAIN][EXTRACT]   mdb-1095 : 238 stations
2026-03-06 20:49:28,866 - INFO - [TRAIN][EXTRACT]   mdb-2337 : 147 stations
2026-03-06 20:49:29,645 - INFO - [TRAIN][EXTRACT]   mdb-1003 : 24 stations
2026-03-06 20:49:32,170 - INFO - [TRAIN][EXTRACT]   mdb-1856 : 91 stations
2026-03-06 20:49:33,365 - INFO - [TRAIN][EXTRACT]   mdb-2141 : 24 stations
2026-03-06 20:49:36,660 - ERROR - [TRAIN][EXTRACT] Erreur collecte mdb-2712 : [UNRESOLVED_COLUMN.WITH_SUGGESTION] A column, variable, or function parameter with name `route_type` cannot be resolved. Did you mean one of the following? [` route_type`, `route_id`, ` agency_id`, ` route_long_name`, ` route_short_name`]. SQLSTATE: 42703;
'Filter 'in(cast('route_type as int), 2, 100, 101, 102, 103, 105, 106)
+- Relation [route_id#7627, agency_id#7628, route_short_name#7629, route_long_name#7630, route_type#7631] csv

2026-03-06 20:49:38,451 - INFO - [TRAIN][EXTRACT]   mdb-2715 : 82 stations
2026-03-06 20:49:41,752 - ERROR - [TRAIN][EXTRACT] Erreur collecte mdb-2727 : [CAST_INVALID_INPUT] The value 'TransporteAereo' of the type "STRING" cannot be cast to "INT" because it is malformed. Correct the value as per the syntax, or change its target type. Use `try_cast` to tolerate malformed input and return NULL instead. SQLSTATE: 22018
== DataFrame ==
"cast" was called from
C:\Users\filal\Desktop\MSPR\MSPR\etl.py:555

2026-03-06 20:49:47,736 - INFO - [TRAIN][EXTRACT]   mdb-2766 : 24 stations
2026-03-06 20:49:51,950 - INFO - [TRAIN][EXTRACT]   mdb-2785 : 16 stations
2026-03-06 20:50:01,775 - INFO - [TRAIN][EXTRACT]   mdb-2826 : 370 stations
2026-03-06 20:50:06,537 - INFO - [TRAIN][EXTRACT]   mdb-2832 : 370 stations
2026-03-06 20:50:16,961 - INFO - [TRAIN][EXTRACT]   mdb-1259 : 2811 stations
2026-03-06 20:50:21,765 - INFO - [TRAIN][EXTRACT]   tdg-11681 : 17 stations
2026-03-06 20:50:33,582 - INFO - [TRAIN][EXTRACT]   tdg-67595 : 471 stations
2026-03-06 20:50:59,135 - INFO - [TRAIN][EXTRACT]   tdg-80921 : 471 stations
2026-03-06 20:51:10,115 - INFO - [TRAIN][EXTRACT]   tdg-81559 : 400 stations
2026-03-06 20:51:12,812 - INFO - [TRAIN][EXTRACT]   tdg-81653 : 18 stations
2026-03-06 20:51:17,621 - INFO - [TRAIN][EXTRACT]   tdg-81942 : 200 stations
2026-03-06 20:51:19,954 - INFO - [TRAIN][EXTRACT]   tdg-81969 : 304 stations
2026-03-06 20:51:25,131 - INFO - [TRAIN][EXTRACT]   tdg-82285 : 46 stations
2026-03-06 20:51:34,153 - INFO - [TRAIN][EXTRACT]   tdg-82386 : 16 stations
2026-03-06 20:51:51,718 - INFO - [TRAIN][EXTRACT]   tdg-83448 : 9 stations
2026-03-06 20:51:57,968 - INFO - [TRAIN][EXTRACT]   tdg-83582 : 2827 stations
2026-03-06 20:51:58,885 - INFO - [TRAIN][EXTRACT]   tdg-83620 : 369 stations
2026-03-06 20:52:02,786 - INFO - [TRAIN][EXTRACT]   tdg-83634 : 281 stations
2026-03-06 20:52:04,680 - INFO - [TRAIN][EXTRACT]   tdg-83647 : 240 stations
2026-03-06 20:52:06,966 - INFO - [TRAIN][EXTRACT]   tdg-83675 : 2819 stations
2026-03-06 20:52:14,764 - INFO - [TRAIN][EXTRACT]   mdb-1311 : 2555 stations
2026-03-06 20:52:27,802 - INFO - [TRAIN][EXTRACT]   mdb-2364 : 152 stations
2026-03-06 20:52:28,938 - INFO - [TRAIN][EXTRACT]   mdb-2637 : 152 stations
2026-03-06 20:52:33,310 - INFO - [TRAIN][EXTRACT]   tld-5901 : 152 stations
2026-03-06 20:52:37,126 - INFO - [TRAIN][EXTRACT]   mdb-1031 : 49 stations
2026-03-06 20:52:38,447 - INFO - [TRAIN][EXTRACT]   mdb-1052 : 37 stations
2026-03-06 20:52:42,833 - INFO - [TRAIN][EXTRACT]   mdb-895 : 32 stations
2026-03-06 20:52:44,099 - INFO - [TRAIN][EXTRACT]   tld-4833 : 126 stations
2026-03-06 20:52:55,604 - INFO - [TRAIN][EXTRACT]   tld-958 : 20 stations
2026-03-06 20:52:58,532 - ERROR - [TRAIN][EXTRACT] Erreur collecte mdb-992 : [UNRESOLVED_COLUMN.WITH_SUGGESTION] A column, variable, or function parameter with name `route_type` cannot be resolved. Did you mean one of the following? [` route_type`, `route_id`, ` route_url`, ` route_desc`, ` route_color`]. SQLSTATE: 42703;
'Filter 'in(cast('route_type as int), 2, 100, 101, 102, 103, 105, 106)
+- Relation [route_id#65108, agency_id#65109, route_short_name#65110, route_long_name#65111, route_desc#65112, route_type#65113, route_url#65114, route_color#65115, route_text_color#65116] csv

2026-03-06 20:52:59,267 - INFO - [TRAIN][EXTRACT]   mdb-2377 : 55 stations
2026-03-06 20:53:00,778 - INFO - [TRAIN][EXTRACT]   mdb-1011 : 341 stations
2026-03-06 20:53:02,181 - INFO - [TRAIN][EXTRACT]   mdb-1290 : 35 stations
2026-03-06 20:53:03,746 - INFO - [TRAIN][EXTRACT]   mdb-1908 : 141 stations
2026-03-06 20:53:05,760 - INFO - [TRAIN][EXTRACT]   mdb-2087 : 2028 stations
2026-03-06 20:53:06,763 - INFO - [TRAIN][EXTRACT]   mdb-2091 : 28 stations
2026-03-06 20:53:10,985 - INFO - [TRAIN][EXTRACT]   mdb-2092 : 62 stations
2026-03-06 20:53:14,040 - INFO - [TRAIN][EXTRACT]   tld-5701 : 141 stations
2026-03-06 20:53:17,042 - INFO - [TRAIN][EXTRACT]   mdb-2057 : 350 stations
2026-03-06 20:53:20,835 - INFO - [TRAIN][EXTRACT]   tld-715 : 14 stations
2026-03-06 20:53:25,968 - INFO - [TRAIN][EXTRACT]   mdb-2927 : 336 stations
2026-03-06 20:53:31,040 - INFO - [TRAIN][EXTRACT]   mdb-2661 : 642 stations
2026-03-06 20:53:32,567 - INFO - [TRAIN][EXTRACT]   mdb-1832 : 925 stations
2026-03-06 20:53:35,749 - INFO - [TRAIN][EXTRACT] Back on Track : 886 stations.
2026-03-06 20:53:35,794 - INFO - --- TRAIN - TRANSFORM -------------------------------------------
2026-03-06 20:53:36,003 - INFO - [TRAIN][TRANSFORM] Dédup par nom : 25091 doublons fusionnés.
2026-03-06 20:53:36,629 - INFO - [TRAIN][TRANSFORM] Dédup géo : 3139 doublons fusionnés.
2026-03-06 20:53:36,770 - INFO - [TRAIN][TRANSFORM] Registre : 24135 stations canoniques, 16269 remappings.
2026-03-06 20:53:36,861 - INFO - --- TRAIN - LOAD ------------------------------------------------
2026-03-06 20:54:01,115 - INFO - [TRAIN][LOAD] mart.dim_station — 24135 lignes insérées.
2026-03-06 20:54:01,166 - INFO - [TRAIN][LOAD] Traitement feed AT/mdb-1077...
2026-03-06 20:54:01,615 - INFO - [TRAIN][LOAD]   35774 stop_ids remappés.
2026-03-06 20:54:03,761 - INFO - [TRAIN][TRANSFORM] AT/mdb-1077 : tronçons calculés.
2026-03-06 20:55:25,020 - ERROR - [TRAIN][LOAD] Erreur mart.dim_route_train : insert or update on table "dim_route_train" violates foreign key constraint "dim_route_train_arr_station_id_fkey"
DETAIL:  Key (arr_station_id)=(stoparea:589648) is not present in table "dim_station".

2026-03-06 20:56:09,917 - INFO - [TRAIN][LOAD] Insertion de 1634 faits dans fact_emission...
2026-03-06 20:56:11,264 - INFO - [TRAIN][LOAD] fact_emission — 1634 faits traités.
2026-03-06 20:56:11,357 - INFO - [TRAIN][LOAD] Traitement feed BE/mdb-1859...
2026-03-06 20:56:11,569 - INFO - [TRAIN][LOAD]   2169 stop_ids remappés.
2026-03-06 20:56:13,391 - INFO - [TRAIN][TRANSFORM] BE/mdb-1859 : tronçons calculés.
2026-03-06 20:57:20,656 - INFO - [TRAIN][LOAD] mart.dim_route_train — 1515 lignes insérées.
2026-03-06 20:57:52,610 - INFO - [TRAIN][LOAD] Insertion de 1931 faits dans fact_emission...
2026-03-06 20:57:56,914 - INFO - [TRAIN][LOAD] fact_emission — 1931 faits traités.
2026-03-06 20:57:57,064 - INFO - [TRAIN][LOAD] Traitement feed BE/mdb-686...
2026-03-06 20:57:57,479 - INFO - [TRAIN][LOAD]   2168 stop_ids remappés.
2026-03-06 20:57:59,646 - INFO - [TRAIN][TRANSFORM] BE/mdb-686 : tronçons calculés.
2026-03-06 20:58:59,693 - INFO - [TRAIN][LOAD] mart.dim_route_train — 1517 lignes insérées.
2026-03-06 20:59:28,581 - INFO - [TRAIN][LOAD] Insertion de 1933 faits dans fact_emission...
2026-03-06 20:59:30,409 - INFO - [TRAIN][LOAD] fact_emission — 1933 faits traités.
2026-03-06 20:59:30,530 - INFO - [TRAIN][LOAD] Traitement feed BE/tdg-82199...
2026-03-06 20:59:30,775 - INFO - [TRAIN][LOAD]   170 stop_ids remappés.
2026-03-06 20:59:31,817 - INFO - [TRAIN][TRANSFORM] BE/tdg-82199 : tronçons calculés.
2026-03-06 21:00:13,908 - INFO - [TRAIN][LOAD] mart.dim_route_train — 58 lignes insérées.
2026-03-06 21:00:35,174 - INFO - [TRAIN][LOAD] Insertion de 70 faits dans fact_emission...
2026-03-06 21:00:35,436 - INFO - [TRAIN][LOAD] fact_emission — 70 faits traités.
2026-03-06 21:00:35,551 - INFO - [TRAIN][LOAD] Traitement feed CH/mdb-2898...
2026-03-06 21:00:36,367 - INFO - [TRAIN][LOAD]   60682 stop_ids remappés.
2026-03-06 21:00:39,011 - INFO - [TRAIN][TRANSFORM] CH/mdb-2898 : tronçons calculés.
2026-03-06 21:02:12,189 - INFO - [TRAIN][LOAD] mart.dim_route_train — 6572 lignes insérées.
2026-03-06 21:03:00,066 - INFO - [TRAIN][LOAD] Insertion de 6681 faits dans fact_emission...
2026-03-06 21:03:11,626 - INFO - [TRAIN][LOAD] fact_emission — 6681 faits traités.
2026-03-06 21:03:11,724 - INFO - [TRAIN][LOAD] Traitement feed CZ/mdb-1078...
2026-03-06 21:03:13,036 - INFO - [TRAIN][LOAD]   91392 stop_ids remappés.
2026-03-06 21:03:15,807 - INFO - [TRAIN][TRANSFORM] CZ/mdb-1078 : tronçons calculés.
2026-03-06 21:04:24,639 - INFO - [TRAIN][LOAD] mart.dim_route_train — 1749 lignes insérées.
2026-03-06 21:05:01,125 - INFO - [TRAIN][LOAD] Insertion de 1775 faits dans fact_emission...
2026-03-06 21:05:04,989 - INFO - [TRAIN][LOAD] fact_emission — 1775 faits traités.
2026-03-06 21:05:05,181 - INFO - [TRAIN][LOAD] Traitement feed CZ/mdb-2088...
2026-03-06 21:05:05,624 - INFO - [TRAIN][LOAD]   117 stop_ids remappés.
2026-03-06 21:05:07,034 - INFO - [TRAIN][TRANSFORM] CZ/mdb-2088 : tronçons calculés.
2026-03-06 21:05:49,653 - INFO - [TRAIN][LOAD] mart.dim_route_train — 1306 lignes insérées.
2026-03-06 21:06:11,143 - INFO - [TRAIN][LOAD] Insertion de 1306 faits dans fact_emission...
2026-03-06 21:06:12,738 - INFO - [TRAIN][LOAD] fact_emission — 1306 faits traités.
2026-03-06 21:06:12,846 - INFO - [TRAIN][LOAD] Traitement feed CZ/mdb-2155...
2026-03-06 21:06:13,104 - INFO - [TRAIN][LOAD]   7636 stop_ids remappés.
2026-03-06 21:06:13,914 - INFO - [TRAIN][TRANSFORM] CZ/mdb-2155 : tronçons calculés.
2026-03-06 21:06:50,485 - INFO - [TRAIN][LOAD] mart.dim_route_train — 571 lignes insérées.
2026-03-06 21:07:09,535 - INFO - [TRAIN][LOAD] Insertion de 598 faits dans fact_emission...
2026-03-06 21:07:10,388 - INFO - [TRAIN][LOAD] fact_emission — 598 faits traités.
2026-03-06 21:07:10,478 - INFO - [TRAIN][LOAD] Traitement feed CZ/mdb-767...
2026-03-06 21:07:10,691 - INFO - [TRAIN][LOAD]   1409 stop_ids remappés.
2026-03-06 21:07:11,708 - INFO - [TRAIN][TRANSFORM] CZ/mdb-767 : tronçons calculés.
2026-03-06 21:07:52,935 - INFO - [TRAIN][LOAD] mart.dim_route_train — 1588 lignes insérées.
2026-03-06 21:08:14,435 - INFO - [TRAIN][LOAD] Insertion de 2044 faits dans fact_emission...
2026-03-06 21:08:17,128 - INFO - [TRAIN][LOAD] fact_emission — 2044 faits traités.
2026-03-06 21:08:17,217 - INFO - [TRAIN][LOAD] Traitement feed DE/mdb-1082...
2026-03-06 21:08:17,452 - INFO - [TRAIN][LOAD]   644 stop_ids remappés.
2026-03-06 21:08:18,180 - INFO - [TRAIN][TRANSFORM] DE/mdb-1082 : tronçons calculés.
2026-03-06 21:08:52,754 - INFO - [TRAIN][LOAD] mart.dim_route_train — 319 lignes insérées.
2026-03-06 21:09:10,462 - INFO - [TRAIN][LOAD] Insertion de 319 faits dans fact_emission...
2026-03-06 21:09:10,956 - INFO - [TRAIN][LOAD] fact_emission — 319 faits traités.
2026-03-06 21:09:11,040 - INFO - [TRAIN][LOAD] Traitement feed DE/mdb-1085...
2026-03-06 21:09:11,225 - INFO - [TRAIN][LOAD]   460 stop_ids remappés.
2026-03-06 21:09:11,962 - INFO - [TRAIN][TRANSFORM] DE/mdb-1085 : tronçons calculés.
2026-03-06 21:09:46,799 - INFO - [TRAIN][LOAD] mart.dim_route_train — 262 lignes insérées.
2026-03-06 21:10:04,576 - INFO - [TRAIN][LOAD] Insertion de 262 faits dans fact_emission...
2026-03-06 21:10:04,989 - INFO - [TRAIN][LOAD] fact_emission — 262 faits traités.
2026-03-06 21:10:05,095 - INFO - [TRAIN][LOAD] Traitement feed DE/mdb-1089...
2026-03-06 21:10:05,347 - INFO - [TRAIN][LOAD]   9823 stop_ids remappés.
2026-03-06 21:10:06,714 - INFO - [TRAIN][TRANSFORM] DE/mdb-1089 : tronçons calculés.
2026-03-06 21:10:53,870 - INFO - [TRAIN][LOAD] mart.dim_route_train — 19426 lignes insérées.
2026-03-06 21:11:16,770 - INFO - [TRAIN][LOAD] Insertion de 19426 faits dans fact_emission...
2026-03-06 21:11:41,147 - INFO - [TRAIN][LOAD] fact_emission — 19426 faits traités.
2026-03-06 21:11:41,251 - INFO - [TRAIN][LOAD] Traitement feed DE/mdb-1173...
2026-03-06 21:11:41,493 - INFO - [TRAIN][LOAD]   1602 stop_ids remappés.
2026-03-06 21:11:42,361 - INFO - [TRAIN][TRANSFORM] DE/mdb-1173 : tronçons calculés.
2026-03-06 21:12:25,710 - INFO - [TRAIN][LOAD] mart.dim_route_train — 94 lignes insérées.
2026-03-06 21:12:47,368 - INFO - [TRAIN][LOAD] Insertion de 94 faits dans fact_emission...
2026-03-06 21:12:47,537 - INFO - [TRAIN][LOAD] fact_emission — 94 faits traités.
2026-03-06 21:12:47,621 - INFO - [TRAIN][LOAD] Traitement feed DE/mdb-2231...
2026-03-06 21:12:47,817 - INFO - [TRAIN][LOAD]   3987 stop_ids remappés.
2026-03-06 21:12:48,959 - INFO - [TRAIN][TRANSFORM] DE/mdb-2231 : tronçons calculés.
2026-03-06 21:13:33,125 - INFO - [TRAIN][LOAD] mart.dim_route_train — 829 lignes insérées.
2026-03-06 21:13:56,582 - INFO - [TRAIN][LOAD] Insertion de 829 faits dans fact_emission...
2026-03-06 21:13:57,255 - INFO - [TRAIN][LOAD] fact_emission — 829 faits traités.
2026-03-06 21:13:57,353 - INFO - [TRAIN][LOAD] Traitement feed DE/mdb-2393...
2026-03-06 21:13:57,831 - INFO - [TRAIN][LOAD]   9273 stop_ids remappés.
2026-03-06 21:13:59,038 - INFO - [TRAIN][TRANSFORM] DE/mdb-2393 : tronçons calculés.
2026-03-06 21:14:52,516 - INFO - [TRAIN][LOAD] mart.dim_route_train — 4312 lignes insérées.
2026-03-06 21:15:18,685 - INFO - [TRAIN][LOAD] Insertion de 4316 faits dans fact_emission...
2026-03-06 21:15:22,211 - INFO - [TRAIN][LOAD] fact_emission — 4316 faits traités.
2026-03-06 21:15:22,308 - INFO - [TRAIN][LOAD] Traitement feed DE/mdb-768...
2026-03-06 21:15:22,528 - INFO - [TRAIN][LOAD]   1000 stop_ids remappés.
2026-03-06 21:15:23,494 - INFO - [TRAIN][TRANSFORM] DE/mdb-768 : tronçons calculés.
2026-03-06 21:15:59,029 - INFO - [TRAIN][LOAD] mart.dim_route_train — 1790 lignes insérées.
2026-03-06 21:16:16,896 - INFO - [TRAIN][LOAD] Insertion de 2057 faits dans fact_emission...
2026-03-06 21:16:18,982 - INFO - [TRAIN][LOAD] fact_emission — 2057 faits traités.
2026-03-06 21:16:19,067 - INFO - [TRAIN][LOAD] Traitement feed DE/mdb-769...
2026-03-06 21:16:19,304 - INFO - [TRAIN][LOAD]   862 stop_ids remappés.
2026-03-06 21:16:20,192 - INFO - [TRAIN][TRANSFORM] DE/mdb-769 : tronçons calculés.
2026-03-06 21:16:56,710 - INFO - [TRAIN][LOAD] mart.dim_route_train — 629 lignes insérées.
2026-03-06 21:17:15,464 - INFO - [TRAIN][LOAD] Insertion de 629 faits dans fact_emission...
2026-03-06 21:17:15,981 - INFO - [TRAIN][LOAD] fact_emission — 629 faits traités.
2026-03-06 21:17:16,054 - INFO - [TRAIN][LOAD] Traitement feed DE/mdb-770...
2026-03-06 21:17:16,225 - INFO - [TRAIN][LOAD]   1306 stop_ids remappés.
2026-03-06 21:17:17,030 - INFO - [TRAIN][TRANSFORM] DE/mdb-770 : tronçons calculés.
2026-03-06 21:17:54,273 - INFO - [TRAIN][LOAD] mart.dim_route_train — 880 lignes insérées.
2026-03-06 21:18:13,059 - INFO - [TRAIN][LOAD] Insertion de 880 faits dans fact_emission...
2026-03-06 21:18:13,769 - INFO - [TRAIN][LOAD] fact_emission — 880 faits traités.
2026-03-06 21:18:13,850 - INFO - [TRAIN][LOAD] Traitement feed DE/mdb-771...
2026-03-06 21:18:14,051 - INFO - [TRAIN][LOAD]   1024 stop_ids remappés.
2026-03-06 21:18:14,820 - INFO - [TRAIN][TRANSFORM] DE/mdb-771 : tronçons calculés.
2026-03-06 21:18:51,950 - INFO - [TRAIN][LOAD] mart.dim_route_train — 865 lignes insérées.
2026-03-06 21:19:11,420 - INFO - [TRAIN][LOAD] Insertion de 865 faits dans fact_emission...
2026-03-06 21:19:12,062 - INFO - [TRAIN][LOAD] fact_emission — 865 faits traités.
2026-03-06 21:19:12,152 - INFO - [TRAIN][LOAD] Traitement feed DE/mdb-772...
2026-03-06 21:19:12,320 - INFO - [TRAIN][LOAD]   537 stop_ids remappés.
2026-03-06 21:19:12,946 - INFO - [TRAIN][TRANSFORM] DE/mdb-772 : tronçons calculés.
2026-03-06 21:19:47,417 - INFO - [TRAIN][LOAD] mart.dim_route_train — 468 lignes insérées.
2026-03-06 21:20:05,009 - INFO - [TRAIN][LOAD] Insertion de 468 faits dans fact_emission...
2026-03-06 21:20:05,446 - INFO - [TRAIN][LOAD] fact_emission — 468 faits traités.
2026-03-06 21:20:05,550 - INFO - [TRAIN][LOAD] Traitement feed DE/mdb-774...
2026-03-06 21:20:05,777 - INFO - [TRAIN][LOAD]   389 stop_ids remappés.
2026-03-06 21:20:06,421 - INFO - [TRAIN][TRANSFORM] DE/mdb-774 : tronçons calculés.
2026-03-06 21:20:39,827 - INFO - [TRAIN][LOAD] mart.dim_route_train — 339 lignes insérées.
2026-03-06 21:20:56,741 - INFO - [TRAIN][LOAD] Insertion de 339 faits dans fact_emission...
2026-03-06 21:20:57,007 - INFO - [TRAIN][LOAD] fact_emission — 339 faits traités.
2026-03-06 21:20:57,084 - INFO - [TRAIN][LOAD] Traitement feed DE/mdb-778...
2026-03-06 21:20:57,251 - INFO - [TRAIN][LOAD]   115 stop_ids remappés.
2026-03-06 21:20:57,858 - INFO - [TRAIN][TRANSFORM] DE/mdb-778 : tronçons calculés.
2026-03-06 21:21:40,720 - INFO - [TRAIN][LOAD] mart.dim_route_train — 265 lignes insérées.
2026-03-06 21:22:02,840 - INFO - [TRAIN][LOAD] Insertion de 265 faits dans fact_emission...
2026-03-06 21:22:03,142 - INFO - [TRAIN][LOAD] fact_emission — 265 faits traités.
2026-03-06 21:22:03,223 - INFO - [TRAIN][LOAD] Traitement feed DE/mdb-782...
2026-03-06 21:22:03,535 - INFO - [TRAIN][LOAD]   16119 stop_ids remappés.
2026-03-06 21:22:04,852 - INFO - [TRAIN][TRANSFORM] DE/mdb-782 : tronçons calculés.
2026-03-06 21:22:53,457 - INFO - [TRAIN][LOAD] mart.dim_route_train — 1490 lignes insérées.
2026-03-06 21:23:18,638 - INFO - [TRAIN][LOAD] Insertion de 1490 faits dans fact_emission...
2026-03-06 21:23:19,917 - INFO - [TRAIN][LOAD] fact_emission — 1490 faits traités.
2026-03-06 21:23:20,005 - INFO - [TRAIN][LOAD] Traitement feed DE/mdb-783...
2026-03-06 21:23:20,237 - INFO - [TRAIN][LOAD]   698 stop_ids remappés.
2026-03-06 21:23:21,293 - INFO - [TRAIN][TRANSFORM] DE/mdb-783 : tronçons calculés.
2026-03-06 21:23:58,730 - INFO - [TRAIN][LOAD] mart.dim_route_train — 495 lignes insérées.
2026-03-06 21:24:16,637 - INFO - [TRAIN][LOAD] Insertion de 495 faits dans fact_emission...
2026-03-06 21:24:17,031 - INFO - [TRAIN][LOAD] fact_emission — 495 faits traités.
2026-03-06 21:24:17,115 - INFO - [TRAIN][LOAD] Traitement feed DE/mdb-784...
2026-03-06 21:24:19,775 - INFO - [TRAIN][LOAD]   63480 stop_ids remappés.
2026-03-06 21:24:21,889 - INFO - [TRAIN][TRANSFORM] DE/mdb-784 : tronçons calculés.
2026-03-06 21:26:19,245 - ERROR - [TRAIN][LOAD] Erreur mart.dim_route_train : insert or update on table "dim_route_train" violates foreign key constraint "dim_route_train_dep_station_id_fkey"
DETAIL:  Key (dep_station_id)=(de:05362:87303_G) is not present in table "dim_station".

2026-03-06 21:27:26,996 - INFO - [TRAIN][LOAD] Insertion de 20925 faits dans fact_emission...
2026-03-06 21:27:46,129 - INFO - [TRAIN][LOAD] fact_emission — 20925 faits traités.
2026-03-06 21:27:46,221 - INFO - [TRAIN][LOAD] Traitement feed DE/mdb-900...
2026-03-06 21:27:46,433 - INFO - [TRAIN][LOAD]   594 stop_ids remappés.
2026-03-06 21:27:47,096 - INFO - [TRAIN][TRANSFORM] DE/mdb-900 : tronçons calculés.
2026-03-06 21:28:26,422 - INFO - [TRAIN][LOAD] mart.dim_route_train — 418 lignes insérées.
2026-03-06 21:28:45,659 - INFO - [TRAIN][LOAD] Insertion de 418 faits dans fact_emission...
2026-03-06 21:28:46,047 - INFO - [TRAIN][LOAD] fact_emission — 418 faits traités.
2026-03-06 21:28:46,125 - INFO - [TRAIN][LOAD] Traitement feed DE/mdb-906...
2026-03-06 21:28:46,287 - INFO - [TRAIN][LOAD]   475 stop_ids remappés.
2026-03-06 21:28:46,919 - INFO - [TRAIN][TRANSFORM] DE/mdb-906 : tronçons calculés.
2026-03-06 21:29:35,588 - INFO - [TRAIN][LOAD] mart.dim_route_train — 288 lignes insérées.
2026-03-06 21:29:56,874 - INFO - [TRAIN][LOAD] Insertion de 288 faits dans fact_emission...
2026-03-06 21:29:57,171 - INFO - [TRAIN][LOAD] fact_emission — 288 faits traités.
2026-03-06 21:29:57,300 - INFO - [TRAIN][LOAD] Traitement feed EE/mdb-1095...
2026-03-06 21:29:57,527 - INFO - [TRAIN][LOAD]   211 stop_ids remappés.
2026-03-06 21:29:58,472 - INFO - [TRAIN][TRANSFORM] EE/mdb-1095 : tronçons calculés.
2026-03-06 21:30:39,410 - INFO - [TRAIN][LOAD] mart.dim_route_train — 293 lignes insérées.
2026-03-06 21:30:58,622 - INFO - [TRAIN][LOAD] Insertion de 293 faits dans fact_emission...
2026-03-06 21:30:59,083 - INFO - [TRAIN][LOAD] fact_emission — 293 faits traités.
2026-03-06 21:30:59,157 - INFO - [TRAIN][LOAD] Traitement feed EE/mdb-2337...
2026-03-06 21:30:59,376 - INFO - [TRAIN][LOAD]   1189 stop_ids remappés.
2026-03-06 21:31:00,023 - INFO - [TRAIN][TRANSFORM] EE/mdb-2337 : tronçons calculés.
2026-03-06 21:31:35,912 - INFO - [TRAIN][LOAD] mart.dim_route_train — 377 lignes insérées.
2026-03-06 21:31:54,823 - INFO - [TRAIN][LOAD] Insertion de 377 faits dans fact_emission...
2026-03-06 21:31:55,409 - INFO - [TRAIN][LOAD] fact_emission — 377 faits traités.
2026-03-06 21:31:55,494 - INFO - [TRAIN][LOAD] Traitement feed ES/mdb-1003...
2026-03-06 21:31:55,700 - INFO - [TRAIN][LOAD]   57 stop_ids remappés.
2026-03-06 21:31:56,438 - INFO - [TRAIN][TRANSFORM] ES/mdb-1003 : tronçons calculés.
2026-03-06 21:32:30,231 - INFO - [TRAIN][LOAD] mart.dim_route_train — 46 lignes insérées.
2026-03-06 21:32:47,849 - INFO - [TRAIN][LOAD] Insertion de 46 faits dans fact_emission...
2026-03-06 21:32:47,995 - INFO - [TRAIN][LOAD] fact_emission — 46 faits traités.
2026-03-06 21:32:48,077 - INFO - [TRAIN][LOAD] Traitement feed ES/mdb-1856...
2026-03-06 21:32:48,222 - INFO - [TRAIN][LOAD]   268 stop_ids remappés.
2026-03-06 21:32:48,767 - INFO - [TRAIN][TRANSFORM] ES/mdb-1856 : tronçons calculés.
2026-03-06 21:33:22,542 - INFO - [TRAIN][LOAD] mart.dim_route_train — 204 lignes insérées.
2026-03-06 21:33:39,862 - INFO - [TRAIN][LOAD] Insertion de 204 faits dans fact_emission...
2026-03-06 21:33:40,202 - INFO - [TRAIN][LOAD] fact_emission — 204 faits traités.
2026-03-06 21:33:40,278 - INFO - [TRAIN][LOAD] Traitement feed ES/mdb-2141...
2026-03-06 21:33:40,423 - INFO - [TRAIN][LOAD]   24 stop_ids remappés.
2026-03-06 21:33:41,046 - INFO - [TRAIN][TRANSFORM] ES/mdb-2141 : tronçons calculés.
2026-03-06 21:34:19,309 - INFO - [TRAIN][LOAD] mart.dim_route_train — 46 lignes insérées.
2026-03-06 21:34:36,596 - INFO - [TRAIN][LOAD] Insertion de 46 faits dans fact_emission...
2026-03-06 21:34:36,780 - INFO - [TRAIN][LOAD] fact_emission — 46 faits traités.
2026-03-06 21:34:36,904 - INFO - [TRAIN][LOAD] Traitement feed ES/mdb-2715...
2026-03-06 21:34:37,187 - INFO - [TRAIN][LOAD]   670 stop_ids remappés.
2026-03-06 21:34:38,665 - INFO - [TRAIN][TRANSFORM] ES/mdb-2715 : tronçons calculés.
2026-03-06 21:35:25,071 - INFO - [TRAIN][LOAD] mart.dim_route_train — 174 lignes insérées.
2026-03-06 21:35:55,603 - INFO - [TRAIN][LOAD] Insertion de 174 faits dans fact_emission...
2026-03-06 21:35:57,884 - INFO - [TRAIN][LOAD] fact_emission — 174 faits traités.
2026-03-06 21:35:58,042 - INFO - [TRAIN][LOAD] Traitement feed ES/mdb-2766...
2026-03-06 21:35:58,593 - INFO - [TRAIN][LOAD]   24 stop_ids remappés.
2026-03-06 21:36:00,719 - INFO - [TRAIN][TRANSFORM] ES/mdb-2766 : tronçons calculés.
2026-03-06 21:37:12,461 - INFO - [TRAIN][LOAD] mart.dim_route_train — 46 lignes insérées.
2026-03-06 21:37:40,600 - INFO - [TRAIN][LOAD] Insertion de 46 faits dans fact_emission...
2026-03-06 21:37:40,822 - INFO - [TRAIN][LOAD] fact_emission — 46 faits traités.
2026-03-06 21:37:40,945 - INFO - [TRAIN][LOAD] Traitement feed ES/mdb-2785...
2026-03-06 21:37:41,249 - INFO - [TRAIN][LOAD]   4 stop_ids remappés.
2026-03-06 21:37:42,867 - INFO - [TRAIN][TRANSFORM] ES/mdb-2785 : tronçons calculés.
2026-03-06 21:38:39,032 - INFO - [TRAIN][LOAD] mart.dim_route_train — 38 lignes insérées.
2026-03-06 21:39:06,132 - INFO - [TRAIN][LOAD] Insertion de 38 faits dans fact_emission...
2026-03-06 21:39:07,751 - INFO - [TRAIN][LOAD] fact_emission — 38 faits traités.
2026-03-06 21:39:07,865 - INFO - [TRAIN][LOAD] Traitement feed ES/mdb-2826...
2026-03-06 21:39:08,746 - INFO - [TRAIN][LOAD]   1121 stop_ids remappés.
2026-03-06 21:39:10,590 - INFO - [TRAIN][TRANSFORM] ES/mdb-2826 : tronçons calculés.
2026-03-06 21:40:53,271 - INFO - [TRAIN][LOAD] mart.dim_route_train — 694 lignes insérées.
2026-03-06 21:41:40,081 - INFO - [TRAIN][LOAD] Insertion de 750 faits dans fact_emission...
2026-03-06 21:41:41,822 - INFO - [TRAIN][LOAD] fact_emission — 750 faits traités.
2026-03-06 21:41:41,936 - INFO - [TRAIN][LOAD] Traitement feed ES/mdb-2832...
2026-03-06 21:41:42,601 - INFO - [TRAIN][LOAD]   1117 stop_ids remappés.
2026-03-06 21:41:45,103 - INFO - [TRAIN][TRANSFORM] ES/mdb-2832 : tronçons calculés.
2026-03-06 21:42:56,919 - INFO - [TRAIN][LOAD] mart.dim_route_train — 694 lignes insérées.
2026-03-06 21:43:35,872 - INFO - [TRAIN][LOAD] Insertion de 750 faits dans fact_emission...
2026-03-06 21:43:37,460 - INFO - [TRAIN][LOAD] fact_emission — 750 faits traités.
2026-03-06 21:43:37,614 - INFO - [TRAIN][LOAD] Traitement feed FR/mdb-1259...
2026-03-06 21:43:38,414 - INFO - [TRAIN][LOAD]   7009 stop_ids remappés.
2026-03-06 21:43:42,048 - INFO - Error while receiving.
Traceback (most recent call last):
  File "C:\Users\filal\AppData\Roaming\Python\Python311\site-packages\py4j\clientserver.py", line 535, in send_command
    answer = smart_decode(self.stream.readline()[:-1])
                          ^^^^^^^^^^^^^^^^^^^^^^
  File "C:\Program Files\Python311\Lib\socket.py", line 705, in readinto
    return self._sock.recv_into(b)
           ^^^^^^^^^^^^^^^^^^^^^^^
ConnectionResetError: [WinError 10054] Une connexion existante a dû être fermée par l’hôte distant
2026-03-06 21:43:42,266 - INFO - Error while sending or receiving.
Traceback (most recent call last):
  File "C:\Users\filal\Desktop\MSPR\MSPR\etl.py", line 1974, in main
    n = train_process_feed(
        ^^^^^^^^^^^^^^^^^^^
  File "C:\Users\filal\Desktop\MSPR\MSPR\etl.py", line 1185, in train_process_feed
    routes_df, facts_df = train_process_routes_and_facts(
                          ^^^^^^^^^^^^^^^^^^^^^^^^^^^^^^^
  File "C:\Users\filal\Desktop\MSPR\MSPR\etl.py", line 950, in train_process_routes_and_facts
    trips_df = trips_df.filter(col("route_id").cast(StringType()).isin(train_route_ids))
                               ^^^^^^^^^^^^^^^^^^^^^^^^^^^^^^^^^^^^^^^^^^^^^^^^^^^^^^^^
  File "C:\Users\filal\AppData\Roaming\Python\Python311\site-packages\pyspark\errors\utils.py", line 285, in wrapper
    return func(*args, **kwargs)
           ^^^^^^^^^^^^^^^^^^^^^
  File "C:\Users\filal\AppData\Roaming\Python\Python311\site-packages\pyspark\sql\classic\column.py", line 481, in isin
    [c._jc if isinstance(c, Column) else _create_column_from_literal(c) for c in cols],
    ^^^^^^^^^^^^^^^^^^^^^^^^^^^^^^^^^^^^^^^^^^^^^^^^^^^^^^^^^^^^^^^^^^^^^^^^^^^^^^^^^^
  File "C:\Users\filal\AppData\Roaming\Python\Python311\site-packages\pyspark\sql\classic\column.py", line 481, in <listcomp>
    [c._jc if isinstance(c, Column) else _create_column_from_literal(c) for c in cols],
                                         ^^^^^^^^^^^^^^^^^^^^^^^^^^^^^^
  File "C:\Users\filal\AppData\Roaming\Python\Python311\site-packages\pyspark\sql\classic\column.py", line 55, in _create_column_from_literal
    return cast(JVMView, sc._jvm).functions.lit(enum_to_value(literal))
           ^^^^^^^^^^^^^^^^^^^^^^^^^^^^^^^^
  File "C:\Users\filal\AppData\Roaming\Python\Python311\site-packages\py4j\java_gateway.py", line 1759, in __getattr__
    return JavaClass(
           ^^^^^^^^^^
  File "C:\Users\filal\AppData\Roaming\Python\Python311\site-packages\py4j\java_gateway.py", line 1515, in __init__
    def __init__(self, fqn, gateway_client):
    
  File "C:\Users\filal\AppData\Roaming\Python\Python311\site-packages\pyspark\core\context.py", line 390, in signal_handler
    raise KeyboardInterrupt()
KeyboardInterrupt

During handling of the above exception, another exception occurred:

Traceback (most recent call last):
  File "C:\Users\filal\AppData\Roaming\Python\Python311\site-packages\py4j\clientserver.py", line 535, in send_command
    answer = smart_decode(self.stream.readline()[:-1])
                          ^^^^^^^^^^^^^^^^^^^^^^
  File "C:\Program Files\Python311\Lib\socket.py", line 705, in readinto
    return self._sock.recv_into(b)
           ^^^^^^^^^^^^^^^^^^^^^^^
ConnectionResetError: [WinError 10054] Une connexion existante a dû être fermée par l’hôte distant

During handling of the above exception, another exception occurred:

Traceback (most recent call last):
  File "C:\Users\filal\AppData\Roaming\Python\Python311\site-packages\py4j\clientserver.py", line 527, in send_command
    self.socket.sendall(command.encode("utf-8"))
ConnectionResetError: [WinError 10054] Une connexion existante a dû être fermée par l’hôte distant

During handling of the above exception, another exception occurred:

Traceback (most recent call last):
  File "C:\Users\filal\AppData\Roaming\Python\Python311\site-packages\py4j\clientserver.py", line 527, in send_command
    self.socket.sendall(command.encode("utf-8"))
ConnectionResetError: [WinError 10054] Une connexion existante a dû être fermée par l’hôte distant
2026-03-06 21:43:42,284 - INFO - Closing down clientserver connection
2026-03-06 21:43:42,285 - INFO - Exception while sending command.
Traceback (most recent call last):
  File "C:\Users\filal\Desktop\MSPR\MSPR\etl.py", line 1974, in main
    n = train_process_feed(
        ^^^^^^^^^^^^^^^^^^^
  File "C:\Users\filal\Desktop\MSPR\MSPR\etl.py", line 1185, in train_process_feed
    routes_df, facts_df = train_process_routes_and_facts(
                          ^^^^^^^^^^^^^^^^^^^^^^^^^^^^^^^
  File "C:\Users\filal\Desktop\MSPR\MSPR\etl.py", line 950, in train_process_routes_and_facts
    trips_df = trips_df.filter(col("route_id").cast(StringType()).isin(train_route_ids))
                               ^^^^^^^^^^^^^^^^^^^^^^^^^^^^^^^^^^^^^^^^^^^^^^^^^^^^^^^^
  File "C:\Users\filal\AppData\Roaming\Python\Python311\site-packages\pyspark\errors\utils.py", line 285, in wrapper
    return func(*args, **kwargs)
           ^^^^^^^^^^^^^^^^^^^^^
  File "C:\Users\filal\AppData\Roaming\Python\Python311\site-packages\pyspark\sql\classic\column.py", line 481, in isin
    [c._jc if isinstance(c, Column) else _create_column_from_literal(c) for c in cols],
    ^^^^^^^^^^^^^^^^^^^^^^^^^^^^^^^^^^^^^^^^^^^^^^^^^^^^^^^^^^^^^^^^^^^^^^^^^^^^^^^^^^
  File "C:\Users\filal\AppData\Roaming\Python\Python311\site-packages\pyspark\sql\classic\column.py", line 481, in <listcomp>
    [c._jc if isinstance(c, Column) else _create_column_from_literal(c) for c in cols],
                                         ^^^^^^^^^^^^^^^^^^^^^^^^^^^^^^
  File "C:\Users\filal\AppData\Roaming\Python\Python311\site-packages\pyspark\sql\classic\column.py", line 55, in _create_column_from_literal
    return cast(JVMView, sc._jvm).functions.lit(enum_to_value(literal))
           ^^^^^^^^^^^^^^^^^^^^^^^^^^^^^^^^
  File "C:\Users\filal\AppData\Roaming\Python\Python311\site-packages\py4j\java_gateway.py", line 1759, in __getattr__
    return JavaClass(
           ^^^^^^^^^^
  File "C:\Users\filal\AppData\Roaming\Python\Python311\site-packages\py4j\java_gateway.py", line 1515, in __init__
    def __init__(self, fqn, gateway_client):
    
  File "C:\Users\filal\AppData\Roaming\Python\Python311\site-packages\pyspark\core\context.py", line 390, in signal_handler
    raise KeyboardInterrupt()
KeyboardInterrupt

During handling of the above exception, another exception occurred:

Traceback (most recent call last):
  File "C:\Users\filal\AppData\Roaming\Python\Python311\site-packages\py4j\clientserver.py", line 535, in send_command
    answer = smart_decode(self.stream.readline()[:-1])
                          ^^^^^^^^^^^^^^^^^^^^^^
  File "C:\Program Files\Python311\Lib\socket.py", line 705, in readinto
    return self._sock.recv_into(b)
           ^^^^^^^^^^^^^^^^^^^^^^^
ConnectionResetError: [WinError 10054] Une connexion existante a dû être fermée par l’hôte distant

During handling of the above exception, another exception occurred:

Traceback (most recent call last):
  File "C:\Users\filal\AppData\Roaming\Python\Python311\site-packages\py4j\clientserver.py", line 527, in send_command
    self.socket.sendall(command.encode("utf-8"))
ConnectionResetError: [WinError 10054] Une connexion existante a dû être fermée par l’hôte distant

During handling of the above exception, another exception occurred:

Traceback (most recent call last):
  File "C:\Users\filal\AppData\Roaming\Python\Python311\site-packages\py4j\clientserver.py", line 527, in send_command
    self.socket.sendall(command.encode("utf-8"))
ConnectionResetError: [WinError 10054] Une connexion existante a dû être fermée par l’hôte distant

During handling of the above exception, another exception occurred:

Traceback (most recent call last):
  File "C:\Users\filal\AppData\Roaming\Python\Python311\site-packages\py4j\java_gateway.py", line 1038, in send_command
    response = connection.send_command(command)
               ^^^^^^^^^^^^^^^^^^^^^^^^^^^^^^^^
  File "C:\Users\filal\AppData\Roaming\Python\Python311\site-packages\py4j\clientserver.py", line 530, in send_command
    raise Py4JNetworkError(
py4j.protocol.Py4JNetworkError: Error while sending
2026-03-06 21:43:46,381 - INFO - Closing down clientserver connection
2026-03-06 21:43:46,382 - INFO - Closing down clientserver connection
2026-03-06 21:43:46,382 - INFO - Closing down clientserver connection
2026-03-06 21:43:42,055 - INFO - Error while sending or receiving.
Traceback (most recent call last):
  File "C:\Users\filal\Desktop\MSPR\MSPR\etl.py", line 1974, in main
    n = train_process_feed(
        ^^^^^^^^^^^^^^^^^^^
  File "C:\Users\filal\Desktop\MSPR\MSPR\etl.py", line 1185, in train_process_feed
    routes_df, facts_df = train_process_routes_and_facts(
                          ^^^^^^^^^^^^^^^^^^^^^^^^^^^^^^^
  File "C:\Users\filal\Desktop\MSPR\MSPR\etl.py", line 950, in train_process_routes_and_facts
    trips_df = trips_df.filter(col("route_id").cast(StringType()).isin(train_route_ids))
                               ^^^^^^^^^^^^^^^^^^^^^^^^^^^^^^^^^^^^^^^^^^^^^^^^^^^^^^^^
  File "C:\Users\filal\AppData\Roaming\Python\Python311\site-packages\pyspark\errors\utils.py", line 285, in wrapper
    return func(*args, **kwargs)
           ^^^^^^^^^^^^^^^^^^^^^
  File "C:\Users\filal\AppData\Roaming\Python\Python311\site-packages\pyspark\sql\classic\column.py", line 481, in isin
    [c._jc if isinstance(c, Column) else _create_column_from_literal(c) for c in cols],
    ^^^^^^^^^^^^^^^^^^^^^^^^^^^^^^^^^^^^^^^^^^^^^^^^^^^^^^^^^^^^^^^^^^^^^^^^^^^^^^^^^^
  File "C:\Users\filal\AppData\Roaming\Python\Python311\site-packages\pyspark\sql\classic\column.py", line 481, in <listcomp>
    [c._jc if isinstance(c, Column) else _create_column_from_literal(c) for c in cols],
                                         ^^^^^^^^^^^^^^^^^^^^^^^^^^^^^^
  File "C:\Users\filal\AppData\Roaming\Python\Python311\site-packages\pyspark\sql\classic\column.py", line 55, in _create_column_from_literal
    return cast(JVMView, sc._jvm).functions.lit(enum_to_value(literal))
           ^^^^^^^^^^^^^^^^^^^^^^^^^^^^^^^^
  File "C:\Users\filal\AppData\Roaming\Python\Python311\site-packages\py4j\java_gateway.py", line 1759, in __getattr__
  File "C:\Users\filal\AppData\Roaming\Python\Python311\site-packages\py4j\java_gateway.py", line 1515, in __init__
    def __init__(self, fqn, gateway_client):
    
  File "C:\Users\filal\AppData\Roaming\Python\Python311\site-packages\pyspark\core\context.py", line 390, in signal_handler
    raise KeyboardInterrupt()
KeyboardInterrupt

During handling of the above exception, another exception occurred:

Traceback (most recent call last):
  File "C:\Users\filal\AppData\Roaming\Python\Python311\site-packages\py4j\clientserver.py", line 535, in send_command
    answer = smart_decode(self.stream.readline()[:-1])
                          ^^^^^^^^^^^^^^^^^^^^^^
  File "C:\Program Files\Python311\Lib\socket.py", line 705, in readinto
    return self._sock.recv_into(b)
           ^^^^^^^^^^^^^^^^^^^^^^^
ConnectionResetError: [WinError 10054] Une connexion existante a dû être fermée par l’hôte distant

During handling of the above exception, another exception occurred:

Traceback (most recent call last):
  File "C:\Users\filal\AppData\Roaming\Python\Python311\site-packages\py4j\clientserver.py", line 527, in send_command
    self.socket.sendall(command.encode("utf-8"))
ConnectionResetError: [WinError 10054] Une connexion existante a dû être fermée par l’hôte distant
2026-03-06 21:43:42,144 - INFO - Closing down clientserver connection
2026-03-06 21:43:46,394 - INFO - Closing down clientserver connection
2026-03-06 21:43:46,394 - ERROR - Exception while sending command.
Traceback (most recent call last):
  File "C:\Users\filal\AppData\Roaming\Python\Python311\site-packages\py4j\clientserver.py", line 535, in send_command
    answer = smart_decode(self.stream.readline()[:-1])
                          ^^^^^^^^^^^^^^^^^^^^^^
  File "C:\Program Files\Python311\Lib\socket.py", line 705, in readinto
    return self._sock.recv_into(b)
           ^^^^^^^^^^^^^^^^^^^^^^^
ConnectionResetError: [WinError 10054] Une connexion existante a dû être fermée par l’hôte distant

During handling of the above exception, another exception occurred:

Traceback (most recent call last):
  File "C:\Users\filal\AppData\Roaming\Python\Python311\site-packages\py4j\java_gateway.py", line 1038, in send_command
    response = connection.send_command(command)
               ^^^^^^^^^^^^^^^^^^^^^^^^^^^^^^^^
  File "C:\Users\filal\AppData\Roaming\Python\Python311\site-packages\py4j\clientserver.py", line 566, in send_command
    raise Py4JNetworkError(
py4j.protocol.Py4JNetworkError: Error while sending or receiving
2026-03-06 21:43:46,395 - INFO - Exception while sending command.
Traceback (most recent call last):
  File "C:\Users\filal\Desktop\MSPR\MSPR\etl.py", line 1974, in main
    n = train_process_feed(
        ^^^^^^^^^^^^^^^^^^^
  File "C:\Users\filal\Desktop\MSPR\MSPR\etl.py", line 1185, in train_process_feed
    routes_df, facts_df = train_process_routes_and_facts(
                          ^^^^^^^^^^^^^^^^^^^^^^^^^^^^^^^
  File "C:\Users\filal\Desktop\MSPR\MSPR\etl.py", line 950, in train_process_routes_and_facts
    trips_df = trips_df.filter(col("route_id").cast(StringType()).isin(train_route_ids))
                               ^^^^^^^^^^^^^^^^^^^^^^^^^^^^^^^^^^^^^^^^^^^^^^^^^^^^^^^^
  File "C:\Users\filal\AppData\Roaming\Python\Python311\site-packages\pyspark\errors\utils.py", line 285, in wrapper
    return func(*args, **kwargs)
           ^^^^^^^^^^^^^^^^^^^^^
  File "C:\Users\filal\AppData\Roaming\Python\Python311\site-packages\pyspark\sql\classic\column.py", line 481, in isin
    [c._jc if isinstance(c, Column) else _create_column_from_literal(c) for c in cols],
    ^^^^^^^^^^^^^^^^^^^^^^^^^^^^^^^^^^^^^^^^^^^^^^^^^^^^^^^^^^^^^^^^^^^^^^^^^^^^^^^^^^
  File "C:\Users\filal\AppData\Roaming\Python\Python311\site-packages\pyspark\sql\classic\column.py", line 481, in <listcomp>
    [c._jc if isinstance(c, Column) else _create_column_from_literal(c) for c in cols],
                                         ^^^^^^^^^^^^^^^^^^^^^^^^^^^^^^
  File "C:\Users\filal\AppData\Roaming\Python\Python311\site-packages\pyspark\sql\classic\column.py", line 55, in _create_column_from_literal
    return cast(JVMView, sc._jvm).functions.lit(enum_to_value(literal))
           ^^^^^^^^^^^^^^^^^^^^^^^^^^^^^^^^
  File "C:\Users\filal\AppData\Roaming\Python\Python311\site-packages\py4j\java_gateway.py", line 1759, in __getattr__
    return JavaClass(
           ^^^^^^^^^^
  File "C:\Users\filal\AppData\Roaming\Python\Python311\site-packages\py4j\java_gateway.py", line 1515, in __init__
    def __init__(self, fqn, gateway_client):
    
  File "C:\Users\filal\AppData\Roaming\Python\Python311\site-packages\pyspark\core\context.py", line 390, in signal_handler
    raise KeyboardInterrupt()
KeyboardInterrupt

During handling of the above exception, another exception occurred:

Traceback (most recent call last):
  File "C:\Users\filal\AppData\Roaming\Python\Python311\site-packages\py4j\clientserver.py", line 535, in send_command
    answer = smart_decode(self.stream.readline()[:-1])
                          ^^^^^^^^^^^^^^^^^^^^^^
  File "C:\Program Files\Python311\Lib\socket.py", line 705, in readinto
    return self._sock.recv_into(b)
           ^^^^^^^^^^^^^^^^^^^^^^^
ConnectionResetError: [WinError 10054] Une connexion existante a dû être fermée par l’hôte distant

During handling of the above exception, another exception occurred:

Traceback (most recent call last):
  File "C:\Users\filal\AppData\Roaming\Python\Python311\site-packages\py4j\clientserver.py", line 527, in send_command
    self.socket.sendall(command.encode("utf-8"))
ConnectionResetError: [WinError 10054] Une connexion existante a dû être fermée par l’hôte distant

During handling of the above exception, another exception occurred:

Traceback (most recent call last):
  File "C:\Users\filal\AppData\Roaming\Python\Python311\site-packages\py4j\java_gateway.py", line 1038, in send_command
    response = connection.send_command(command)
               ^^^^^^^^^^^^^^^^^^^^^^^^^^^^^^^^
  File "C:\Users\filal\AppData\Roaming\Python\Python311\site-packages\py4j\clientserver.py", line 530, in send_command
    raise Py4JNetworkError(
py4j.protocol.Py4JNetworkError: Error while sending
2026-03-06 21:43:46,396 - INFO - Closing down clientserver connection
2026-03-06 21:43:48,435 - INFO - Closing down clientserver connection
2026-03-06 21:43:48,435 - INFO - Closing down clientserver connection
2026-03-06 21:43:48,447 - INFO - Closing down clientserver connection
2026-03-06 21:43:48,579 - INFO - Closing down clientserver connection
2026-03-06 21:43:48,581 - INFO - Closing down clientserver connection
